nohup: ignoring input
[2024-12-09 12:30:26,457] [INFO] [real_accelerator.py:219:get_accelerator] Setting ds_accelerator to cuda (auto detect)
[2024-12-09 12:30:27,557] torch.distributed.run: [WARNING] 
[2024-12-09 12:30:27,557] torch.distributed.run: [WARNING] *****************************************
[2024-12-09 12:30:27,557] torch.distributed.run: [WARNING] Setting OMP_NUM_THREADS environment variable for each process to be 1 in default, to avoid your system being overloaded, please further tune the variable for optimal performance in your application as needed. 
[2024-12-09 12:30:27,557] torch.distributed.run: [WARNING] *****************************************
[2024-12-09 12:30:30,667] [INFO] [real_accelerator.py:219:get_accelerator] Setting ds_accelerator to cuda (auto detect)
[2024-12-09 12:30:30,693] [INFO] [real_accelerator.py:219:get_accelerator] Setting ds_accelerator to cuda (auto detect)
[2024-12-09 12:30:30,694] [INFO] [real_accelerator.py:219:get_accelerator] Setting ds_accelerator to cuda (auto detect)
[2024-12-09 12:30:30,694] [INFO] [real_accelerator.py:219:get_accelerator] Setting ds_accelerator to cuda (auto detect)
Warning: The cache directory for DeepSpeed Triton autotune, /home/hsk8171/.triton/autotune, appears to be on an NFS system. While this is generally acceptable, if you experience slowdowns or hanging when DeepSpeed exits, it is recommended to set the TRITON_CACHE_DIR environment variable to a non-NFS path.
Warning: The cache directory for DeepSpeed Triton autotune, /home/hsk8171/.triton/autotune, appears to be on an NFS system. While this is generally acceptable, if you experience slowdowns or hanging when DeepSpeed exits, it is recommended to set the TRITON_CACHE_DIR environment variable to a non-NFS path.
Warning: The cache directory for DeepSpeed Triton autotune, /home/hsk8171/.triton/autotune, appears to be on an NFS system. While this is generally acceptable, if you experience slowdowns or hanging when DeepSpeed exits, it is recommended to set the TRITON_CACHE_DIR environment variable to a non-NFS path.
Warning: The cache directory for DeepSpeed Triton autotune, /home/hsk8171/.triton/autotune, appears to be on an NFS system. While this is generally acceptable, if you experience slowdowns or hanging when DeepSpeed exits, it is recommended to set the TRITON_CACHE_DIR environment variable to a non-NFS path.
[2024-12-09 12:30:31,790] [INFO] [comm.py:652:init_distributed] cdb=None
[2024-12-09 12:30:31,790] [INFO] [comm.py:683:init_distributed] Initializing TorchBackend in DeepSpeed with backend nccl
[2024-12-09 12:30:31,806] [INFO] [comm.py:652:init_distributed] cdb=None
[2024-12-09 12:30:31,808] [INFO] [comm.py:652:init_distributed] cdb=None
[2024-12-09 12:30:31,823] [INFO] [comm.py:652:init_distributed] cdb=None
/ext3/miniforge3/lib/python3.12/site-packages/torchvision/models/_utils.py:208: UserWarning: The parameter 'pretrained' is deprecated since 0.13 and may be removed in the future, please use 'weights' instead.
  warnings.warn(
/ext3/miniforge3/lib/python3.12/site-packages/torchvision/models/_utils.py:223: UserWarning: Arguments other than a weight enum or `None` for 'weights' are deprecated since 0.13 and may be removed in the future. The current behavior is equivalent to passing `weights=None`.
  warnings.warn(msg)
/ext3/miniforge3/lib/python3.12/site-packages/torchvision/models/_utils.py:208: UserWarning: The parameter 'pretrained' is deprecated since 0.13 and may be removed in the future, please use 'weights' instead.
  warnings.warn(
/ext3/miniforge3/lib/python3.12/site-packages/torchvision/models/_utils.py:223: UserWarning: Arguments other than a weight enum or `None` for 'weights' are deprecated since 0.13 and may be removed in the future. The current behavior is equivalent to passing `weights=None`.
  warnings.warn(msg)
/ext3/miniforge3/lib/python3.12/site-packages/torchvision/models/_utils.py:208: UserWarning: The parameter 'pretrained' is deprecated since 0.13 and may be removed in the future, please use 'weights' instead.
  warnings.warn(
/ext3/miniforge3/lib/python3.12/site-packages/torchvision/models/_utils.py:223: UserWarning: Arguments other than a weight enum or `None` for 'weights' are deprecated since 0.13 and may be removed in the future. The current behavior is equivalent to passing `weights=None`.
  warnings.warn(msg)
/ext3/miniforge3/lib/python3.12/site-packages/torchvision/models/_utils.py:208: UserWarning: The parameter 'pretrained' is deprecated since 0.13 and may be removed in the future, please use 'weights' instead.
  warnings.warn(
/ext3/miniforge3/lib/python3.12/site-packages/torchvision/models/_utils.py:223: UserWarning: Arguments other than a weight enum or `None` for 'weights' are deprecated since 0.13 and may be removed in the future. The current behavior is equivalent to passing `weights=None`.
  warnings.warn(msg)
Files already downloaded and verified
Files already downloaded and verified
Files already downloaded and verified
Files already downloaded and verified
Files already downloaded and verified
Files already downloaded and verified
Files already downloaded and verified
Files already downloaded and verified
[2024-12-09 12:30:34,024] [INFO] [logging.py:128:log_dist] [Rank 0] DeepSpeed info: version=0.16.0, git-hash=unknown, git-branch=unknown
[2024-12-09 12:30:34,024] [INFO] [config.py:733:__init__] Config mesh_device None world_size = 4
[2024-12-09 12:30:34,148] [INFO] [config.py:733:__init__] Config mesh_device None world_size = 4
[2024-12-09 12:30:34,162] [INFO] [config.py:733:__init__] Config mesh_device None world_size = 4
[2024-12-09 12:30:34,164] [INFO] [config.py:733:__init__] Config mesh_device None world_size = 4
[2024-12-09 12:30:34,586] [INFO] [logging.py:128:log_dist] [Rank 0] DeepSpeed Flops Profiler Enabled: False
[2024-12-09 12:30:34,587] [INFO] [logging.py:128:log_dist] [Rank 0] Using client Optimizer as basic optimizer
[2024-12-09 12:30:34,587] [INFO] [logging.py:128:log_dist] [Rank 0] Removing param_group that has no 'params' in the basic Optimizer
[2024-12-09 12:30:34,588] [INFO] [logging.py:128:log_dist] [Rank 0] DeepSpeed Basic Optimizer = SGD
[2024-12-09 12:30:34,588] [INFO] [logging.py:128:log_dist] [Rank 0] DeepSpeed Final Optimizer = SGD
[2024-12-09 12:30:34,588] [INFO] [logging.py:128:log_dist] [Rank 0] DeepSpeed using configured LR scheduler = None
[2024-12-09 12:30:34,588] [INFO] [logging.py:128:log_dist] [Rank 0] DeepSpeed LR Scheduler = None
[2024-12-09 12:30:34,588] [INFO] [logging.py:128:log_dist] [Rank 0] step=0, skipped=0, lr=[0.1], mom=[0.9]
[2024-12-09 12:30:34,588] [INFO] [config.py:999:print] DeepSpeedEngine configuration:
[2024-12-09 12:30:34,589] [INFO] [config.py:1003:print]   activation_checkpointing_config  {
    "partition_activations": false, 
    "contiguous_memory_optimization": false, 
    "cpu_checkpointing": false, 
    "number_checkpoints": null, 
    "synchronize_checkpoint_boundary": false, 
    "profile": false
}
[2024-12-09 12:30:34,589] [INFO] [config.py:1003:print]   aio_config ................... {'block_size': 1048576, 'queue_depth': 8, 'thread_count': 1, 'single_submit': False, 'overlap_events': True, 'use_gds': False}
[2024-12-09 12:30:34,589] [INFO] [config.py:1003:print]   amp_enabled .................. False
[2024-12-09 12:30:34,589] [INFO] [config.py:1003:print]   amp_params ................... False
[2024-12-09 12:30:34,589] [INFO] [config.py:1003:print]   autotuning_config ............ {
    "enabled": false, 
    "start_step": null, 
    "end_step": null, 
    "metric_path": null, 
    "arg_mappings": null, 
    "metric": "throughput", 
    "model_info": null, 
    "results_dir": "autotuning_results", 
    "exps_dir": "autotuning_exps", 
    "overwrite": true, 
    "fast": true, 
    "start_profile_step": 3, 
    "end_profile_step": 5, 
    "tuner_type": "gridsearch", 
    "tuner_early_stopping": 5, 
    "tuner_num_trials": 50, 
    "model_info_path": null, 
    "mp_size": 1, 
    "max_train_batch_size": null, 
    "min_train_batch_size": 1, 
    "max_train_micro_batch_size_per_gpu": 1.024000e+03, 
    "min_train_micro_batch_size_per_gpu": 1, 
    "num_tuning_micro_batch_sizes": 3
}
[2024-12-09 12:30:34,589] [INFO] [config.py:1003:print]   bfloat16_enabled ............. False
[2024-12-09 12:30:34,589] [INFO] [config.py:1003:print]   bfloat16_immediate_grad_update  False
[2024-12-09 12:30:34,589] [INFO] [config.py:1003:print]   checkpoint_parallel_write_pipeline  False
[2024-12-09 12:30:34,589] [INFO] [config.py:1003:print]   checkpoint_tag_validation_enabled  True
[2024-12-09 12:30:34,589] [INFO] [config.py:1003:print]   checkpoint_tag_validation_fail  False
[2024-12-09 12:30:34,589] [INFO] [config.py:1003:print]   comms_config ................. <deepspeed.comm.config.DeepSpeedCommsConfig object at 0x146e80bc2540>
[2024-12-09 12:30:34,589] [INFO] [config.py:1003:print]   communication_data_type ...... None
[2024-12-09 12:30:34,589] [INFO] [config.py:1003:print]   compression_config ........... {'weight_quantization': {'shared_parameters': {'enabled': False, 'quantizer_kernel': False, 'schedule_offset': 0, 'quantize_groups': 1, 'quantize_verbose': False, 'quantization_type': 'symmetric', 'quantize_weight_in_forward': False, 'rounding': 'nearest', 'fp16_mixed_quantize': False, 'quantize_change_ratio': 0.001}, 'different_groups': {}}, 'activation_quantization': {'shared_parameters': {'enabled': False, 'quantization_type': 'symmetric', 'range_calibration': 'dynamic', 'schedule_offset': 1000}, 'different_groups': {}}, 'sparse_pruning': {'shared_parameters': {'enabled': False, 'method': 'l1', 'schedule_offset': 1000}, 'different_groups': {}}, 'row_pruning': {'shared_parameters': {'enabled': False, 'method': 'l1', 'schedule_offset': 1000}, 'different_groups': {}}, 'head_pruning': {'shared_parameters': {'enabled': False, 'method': 'topk', 'schedule_offset': 1000}, 'different_groups': {}}, 'channel_pruning': {'shared_parameters': {'enabled': False, 'method': 'l1', 'schedule_offset': 1000}, 'different_groups': {}}, 'layer_reduction': {'enabled': False}}
[2024-12-09 12:30:34,589] [INFO] [config.py:1003:print]   curriculum_enabled_legacy .... False
[2024-12-09 12:30:34,589] [INFO] [config.py:1003:print]   curriculum_params_legacy ..... False
[2024-12-09 12:30:34,589] [INFO] [config.py:1003:print]   data_efficiency_config ....... {'enabled': False, 'seed': 1234, 'data_sampling': {'enabled': False, 'num_epochs': 1000, 'num_workers': 0, 'curriculum_learning': {'enabled': False}}, 'data_routing': {'enabled': False, 'random_ltd': {'enabled': False, 'layer_token_lr_schedule': {'enabled': False}}}}
[2024-12-09 12:30:34,589] [INFO] [config.py:1003:print]   data_efficiency_enabled ...... False
[2024-12-09 12:30:34,589] [INFO] [config.py:1003:print]   dataloader_drop_last ......... False
[2024-12-09 12:30:34,589] [INFO] [config.py:1003:print]   disable_allgather ............ False
[2024-12-09 12:30:34,589] [INFO] [config.py:1003:print]   dump_state ................... False
[2024-12-09 12:30:34,590] [INFO] [config.py:1003:print]   dynamic_loss_scale_args ...... None
[2024-12-09 12:30:34,590] [INFO] [config.py:1003:print]   eigenvalue_enabled ........... False
[2024-12-09 12:30:34,590] [INFO] [config.py:1003:print]   eigenvalue_gas_boundary_resolution  1
[2024-12-09 12:30:34,590] [INFO] [config.py:1003:print]   eigenvalue_layer_name ........ bert.encoder.layer
[2024-12-09 12:30:34,590] [INFO] [config.py:1003:print]   eigenvalue_layer_num ......... 0
[2024-12-09 12:30:34,590] [INFO] [config.py:1003:print]   eigenvalue_max_iter .......... 100
[2024-12-09 12:30:34,590] [INFO] [config.py:1003:print]   eigenvalue_stability ......... 1e-06
[2024-12-09 12:30:34,590] [INFO] [config.py:1003:print]   eigenvalue_tol ............... 0.01
[2024-12-09 12:30:34,590] [INFO] [config.py:1003:print]   eigenvalue_verbose ........... False
[2024-12-09 12:30:34,590] [INFO] [config.py:1003:print]   elasticity_enabled ........... False
[2024-12-09 12:30:34,590] [INFO] [config.py:1003:print]   flops_profiler_config ........ {
    "enabled": false, 
    "recompute_fwd_factor": 0.0, 
    "profile_step": 1, 
    "module_depth": -1, 
    "top_modules": 1, 
    "detailed": true, 
    "output_file": null
}
[2024-12-09 12:30:34,590] [INFO] [config.py:1003:print]   fp16_auto_cast ............... None
[2024-12-09 12:30:34,590] [INFO] [config.py:1003:print]   fp16_enabled ................. False
[2024-12-09 12:30:34,590] [INFO] [config.py:1003:print]   fp16_master_weights_and_gradients  False
[2024-12-09 12:30:34,590] [INFO] [config.py:1003:print]   global_rank .................. 0
[2024-12-09 12:30:34,590] [INFO] [config.py:1003:print]   grad_accum_dtype ............. None
[2024-12-09 12:30:34,590] [INFO] [config.py:1003:print]   gradient_accumulation_steps .. 1
[2024-12-09 12:30:34,590] [INFO] [config.py:1003:print]   gradient_clipping ............ 0.0
[2024-12-09 12:30:34,590] [INFO] [config.py:1003:print]   gradient_predivide_factor .... 1.0
[2024-12-09 12:30:34,590] [INFO] [config.py:1003:print]   graph_harvesting ............. False
[2024-12-09 12:30:34,590] [INFO] [config.py:1003:print]   hybrid_engine ................ enabled=False max_out_tokens=512 inference_tp_size=1 release_inference_cache=False pin_parameters=True tp_gather_partition_size=8
[2024-12-09 12:30:34,590] [INFO] [config.py:1003:print]   initial_dynamic_scale ........ 65536
[2024-12-09 12:30:34,590] [INFO] [config.py:1003:print]   load_universal_checkpoint .... False
[2024-12-09 12:30:34,590] [INFO] [config.py:1003:print]   loss_scale ................... 0
[2024-12-09 12:30:34,590] [INFO] [config.py:1003:print]   memory_breakdown ............. False
[2024-12-09 12:30:34,590] [INFO] [config.py:1003:print]   mics_hierarchial_params_gather  False
[2024-12-09 12:30:34,590] [INFO] [config.py:1003:print]   mics_shard_size .............. -1
[2024-12-09 12:30:34,590] [INFO] [config.py:1003:print]   monitor_config ............... tensorboard=TensorBoardConfig(enabled=False, output_path='', job_name='DeepSpeedJobName') comet=CometConfig(enabled=False, samples_log_interval=100, project=None, workspace=None, api_key=None, experiment_name=None, experiment_key=None, online=None, mode=None) wandb=WandbConfig(enabled=False, group=None, team=None, project='deepspeed') csv_monitor=CSVConfig(enabled=False, output_path='', job_name='DeepSpeedJobName')
[2024-12-09 12:30:34,590] [INFO] [config.py:1003:print]   nebula_config ................ {
    "enabled": false, 
    "persistent_storage_path": null, 
    "persistent_time_interval": 100, 
    "num_of_version_in_retention": 2, 
    "enable_nebula_load": true, 
    "load_path": null
}
[2024-12-09 12:30:34,590] [INFO] [config.py:1003:print]   optimizer_legacy_fusion ...... False
[2024-12-09 12:30:34,590] [INFO] [config.py:1003:print]   optimizer_name ............... None
[2024-12-09 12:30:34,590] [INFO] [config.py:1003:print]   optimizer_params ............. None
[2024-12-09 12:30:34,590] [INFO] [config.py:1003:print]   pipeline ..................... {'stages': 'auto', 'partition': 'best', 'seed_layers': False, 'activation_checkpoint_interval': 0, 'pipe_partitioned': True, 'grad_partitioned': True}
[2024-12-09 12:30:34,590] [INFO] [config.py:1003:print]   pld_enabled .................. False
[2024-12-09 12:30:34,590] [INFO] [config.py:1003:print]   pld_params ................... False
[2024-12-09 12:30:34,590] [INFO] [config.py:1003:print]   prescale_gradients ........... False
[2024-12-09 12:30:34,590] [INFO] [config.py:1003:print]   scheduler_name ............... None
[2024-12-09 12:30:34,590] [INFO] [config.py:1003:print]   scheduler_params ............. None
[2024-12-09 12:30:34,590] [INFO] [config.py:1003:print]   seq_parallel_communication_data_type  torch.float32
[2024-12-09 12:30:34,591] [INFO] [config.py:1003:print]   sparse_attention ............. None
[2024-12-09 12:30:34,591] [INFO] [config.py:1003:print]   sparse_gradients_enabled ..... False
[2024-12-09 12:30:34,591] [INFO] [config.py:1003:print]   steps_per_print .............. inf
[2024-12-09 12:30:34,591] [INFO] [config.py:1003:print]   timers_config ................ enabled=True synchronized=True
[2024-12-09 12:30:34,591] [INFO] [config.py:1003:print]   train_batch_size ............. 64
[2024-12-09 12:30:34,591] [INFO] [config.py:1003:print]   train_micro_batch_size_per_gpu  16
[2024-12-09 12:30:34,591] [INFO] [config.py:1003:print]   use_data_before_expert_parallel_  False
[2024-12-09 12:30:34,591] [INFO] [config.py:1003:print]   use_node_local_storage ....... False
[2024-12-09 12:30:34,591] [INFO] [config.py:1003:print]   wall_clock_breakdown ......... True
[2024-12-09 12:30:34,591] [INFO] [config.py:1003:print]   weight_quantization_config ... None
[2024-12-09 12:30:34,591] [INFO] [config.py:1003:print]   world_size ................... 4
[2024-12-09 12:30:34,591] [INFO] [config.py:1003:print]   zero_allow_untested_optimizer  True
[2024-12-09 12:30:34,591] [INFO] [config.py:1003:print]   zero_config .................. stage=0 contiguous_gradients=True reduce_scatter=True reduce_bucket_size=500000000 use_multi_rank_bucket_allreduce=True allgather_partitions=True allgather_bucket_size=500000000 overlap_comm=False load_from_fp32_weights=True elastic_checkpoint=False offload_param=None offload_optimizer=None sub_group_size=1000000000 cpu_offload_param=None cpu_offload_use_pin_memory=None cpu_offload=None prefetch_bucket_size=50000000 param_persistence_threshold=100000 model_persistence_threshold=9223372036854775807 max_live_parameters=1000000000 max_reuse_distance=1000000000 gather_16bit_weights_on_model_save=False module_granularity_threshold=0 use_all_reduce_for_fetch_params=False stage3_gather_fp16_weights_on_model_save=False ignore_unused_parameters=True legacy_stage1=False round_robin_gradients=False zero_hpz_partition_size=1 zero_quantized_weights=False zero_quantized_nontrainable_weights=False zero_quantized_gradients=False mics_shard_size=-1 mics_hierarchical_params_gather=False memory_efficient_linear=True pipeline_loading_checkpoint=False override_module_apply=True
[2024-12-09 12:30:34,591] [INFO] [config.py:1003:print]   zero_enabled ................. False
[2024-12-09 12:30:34,591] [INFO] [config.py:1003:print]   zero_force_ds_cpu_optimizer .. True
[2024-12-09 12:30:34,591] [INFO] [config.py:1003:print]   zero_optimization_stage ...... 0
[2024-12-09 12:30:34,591] [INFO] [config.py:989:print_user_config]   json = {
    "train_micro_batch_size_per_gpu": 16, 
    "gradient_accumulation_steps": 1, 
    "fp16": {
        "enabled": false
    }, 
    "bf16": {
        "enabled": false
    }, 
    "zero_optimization": {
        "stage": 0
    }, 
    "gradient_compression": {
        "enabled": true, 
        "quantization_bits": 8, 
        "sparsification": {
            "enabled": true, 
            "threshold": 0.01
        }
    }, 
    "wall_clock_breakdown": true, 
    "steps_per_print": inf, 
    "zero_allow_untested_optimizer": true
}
[2024-12-09 12:30:35,176] [INFO] [logging.py:128:log_dist] [Rank 0] time (ms) | fwd_microstep: 233.97 | bwd_microstep: 104.54 | bwd_inner_microstep: 89.24 | bwd_allreduce_microstep: 15.17 | step_microstep: 8.59
[2024-12-09 12:30:35,177] [INFO] [logging.py:128:log_dist] [Rank 0] time (ms) | fwd: 233.97 | bwd: 104.53 | bwd_inner: 89.25 | bwd_allreduce: 15.18 | step: 8.60
[2024-12-09 12:30:35,246] [INFO] [logging.py:128:log_dist] [Rank 0] time (ms) | fwd_microstep: 4.51 | bwd_microstep: 7.33 | bwd_inner_microstep: 4.50 | bwd_allreduce_microstep: 2.75 | step_microstep: 5.99
[2024-12-09 12:30:35,246] [INFO] [logging.py:128:log_dist] [Rank 0] time (ms) | fwd: 4.50 | bwd: 7.32 | bwd_inner: 4.51 | bwd_allreduce: 2.75 | step: 6.00
[2024-12-09 12:30:35,284] [INFO] [logging.py:128:log_dist] [Rank 0] time (ms) | fwd_microstep: 4.04 | bwd_microstep: 7.51 | bwd_inner_microstep: 4.21 | bwd_allreduce_microstep: 3.26 | step_microstep: 0.70
[2024-12-09 12:30:35,284] [INFO] [logging.py:128:log_dist] [Rank 0] time (ms) | fwd: 4.02 | bwd: 7.50 | bwd_inner: 4.20 | bwd_allreduce: 3.25 | step: 0.71
[2024-12-09 12:30:35,319] [INFO] [logging.py:128:log_dist] [Rank 0] time (ms) | fwd_microstep: 4.08 | bwd_microstep: 6.72 | bwd_inner_microstep: 4.19 | bwd_allreduce_microstep: 2.49 | step_microstep: 0.68
[2024-12-09 12:30:35,320] [INFO] [logging.py:128:log_dist] [Rank 0] time (ms) | fwd: 4.07 | bwd: 6.71 | bwd_inner: 4.18 | bwd_allreduce: 2.49 | step: 0.69
[2024-12-09 12:30:35,355] [INFO] [logging.py:128:log_dist] [Rank 0] time (ms) | fwd_microstep: 3.88 | bwd_microstep: 6.79 | bwd_inner_microstep: 4.24 | bwd_allreduce_microstep: 2.51 | step_microstep: 0.68
[2024-12-09 12:30:35,355] [INFO] [logging.py:128:log_dist] [Rank 0] time (ms) | fwd: 3.85 | bwd: 6.78 | bwd_inner: 4.23 | bwd_allreduce: 2.51 | step: 0.69
[2024-12-09 12:30:35,391] [INFO] [logging.py:128:log_dist] [Rank 0] time (ms) | fwd_microstep: 3.94 | bwd_microstep: 7.22 | bwd_inner_microstep: 4.39 | bwd_allreduce_microstep: 2.75 | step_microstep: 0.68
[2024-12-09 12:30:35,392] [INFO] [logging.py:128:log_dist] [Rank 0] time (ms) | fwd: 3.92 | bwd: 7.20 | bwd_inner: 4.40 | bwd_allreduce: 2.74 | step: 0.69
[2024-12-09 12:30:35,426] [INFO] [logging.py:128:log_dist] [Rank 0] time (ms) | fwd_microstep: 3.96 | bwd_microstep: 6.66 | bwd_inner_microstep: 4.18 | bwd_allreduce_microstep: 2.45 | step_microstep: 0.68
[2024-12-09 12:30:35,426] [INFO] [logging.py:128:log_dist] [Rank 0] time (ms) | fwd: 3.95 | bwd: 6.65 | bwd_inner: 4.17 | bwd_allreduce: 2.45 | step: 0.69
[2024-12-09 12:30:35,461] [INFO] [logging.py:128:log_dist] [Rank 0] time (ms) | fwd_microstep: 3.94 | bwd_microstep: 6.87 | bwd_inner_microstep: 4.19 | bwd_allreduce_microstep: 2.64 | step_microstep: 0.68
[2024-12-09 12:30:35,462] [INFO] [logging.py:128:log_dist] [Rank 0] time (ms) | fwd: 3.92 | bwd: 6.86 | bwd_inner: 4.18 | bwd_allreduce: 2.64 | step: 0.69
[2024-12-09 12:30:35,498] [INFO] [logging.py:128:log_dist] [Rank 0] time (ms) | fwd_microstep: 4.07 | bwd_microstep: 6.98 | bwd_inner_microstep: 4.17 | bwd_allreduce_microstep: 2.78 | step_microstep: 0.68
[2024-12-09 12:30:35,498] [INFO] [logging.py:128:log_dist] [Rank 0] time (ms) | fwd: 4.05 | bwd: 6.97 | bwd_inner: 4.16 | bwd_allreduce: 2.78 | step: 0.70
[2024-12-09 12:30:35,533] [INFO] [logging.py:128:log_dist] [Rank 0] time (ms) | fwd_microstep: 3.97 | bwd_microstep: 6.80 | bwd_inner_microstep: 4.18 | bwd_allreduce_microstep: 2.60 | step_microstep: 0.67
[2024-12-09 12:30:35,533] [INFO] [logging.py:128:log_dist] [Rank 0] time (ms) | fwd: 3.95 | bwd: 6.80 | bwd_inner: 4.18 | bwd_allreduce: 2.60 | step: 0.69
[2024-12-09 12:30:35,567] [INFO] [logging.py:128:log_dist] [Rank 0] time (ms) | fwd_microstep: 4.01 | bwd_microstep: 6.85 | bwd_inner_microstep: 4.16 | bwd_allreduce_microstep: 2.64 | step_microstep: 0.68
[2024-12-09 12:30:35,568] [INFO] [logging.py:128:log_dist] [Rank 0] time (ms) | fwd: 4.00 | bwd: 6.84 | bwd_inner: 4.16 | bwd_allreduce: 2.61 | step: 0.70
[2024-12-09 12:30:35,602] [INFO] [logging.py:128:log_dist] [Rank 0] time (ms) | fwd_microstep: 3.83 | bwd_microstep: 6.81 | bwd_inner_microstep: 4.15 | bwd_allreduce_microstep: 2.61 | step_microstep: 0.67
[2024-12-09 12:30:35,602] [INFO] [logging.py:128:log_dist] [Rank 0] time (ms) | fwd: 3.81 | bwd: 6.80 | bwd_inner: 4.14 | bwd_allreduce: 2.60 | step: 0.69
[2024-12-09 12:30:35,637] [INFO] [logging.py:128:log_dist] [Rank 0] time (ms) | fwd_microstep: 3.99 | bwd_microstep: 6.48 | bwd_inner_microstep: 4.13 | bwd_allreduce_microstep: 2.31 | step_microstep: 0.69
[2024-12-09 12:30:35,637] [INFO] [logging.py:128:log_dist] [Rank 0] time (ms) | fwd: 3.98 | bwd: 6.47 | bwd_inner: 4.12 | bwd_allreduce: 2.31 | step: 0.70
[2024-12-09 12:30:35,673] [INFO] [logging.py:128:log_dist] [Rank 0] time (ms) | fwd_microstep: 3.94 | bwd_microstep: 6.76 | bwd_inner_microstep: 4.15 | bwd_allreduce_microstep: 2.54 | step_microstep: 0.69
[2024-12-09 12:30:35,673] [INFO] [logging.py:128:log_dist] [Rank 0] time (ms) | fwd: 3.92 | bwd: 6.74 | bwd_inner: 4.15 | bwd_allreduce: 2.54 | step: 0.71
[2024-12-09 12:30:35,708] [INFO] [logging.py:128:log_dist] [Rank 0] time (ms) | fwd_microstep: 4.06 | bwd_microstep: 7.05 | bwd_inner_microstep: 4.18 | bwd_allreduce_microstep: 2.81 | step_microstep: 0.68
[2024-12-09 12:30:35,708] [INFO] [logging.py:128:log_dist] [Rank 0] time (ms) | fwd: 4.04 | bwd: 7.04 | bwd_inner: 4.18 | bwd_allreduce: 2.80 | step: 0.70
[2024-12-09 12:30:35,743] [INFO] [logging.py:128:log_dist] [Rank 0] time (ms) | fwd_microstep: 3.92 | bwd_microstep: 6.72 | bwd_inner_microstep: 4.17 | bwd_allreduce_microstep: 2.51 | step_microstep: 0.68
[2024-12-09 12:30:35,744] [INFO] [logging.py:128:log_dist] [Rank 0] time (ms) | fwd: 3.91 | bwd: 6.71 | bwd_inner: 4.16 | bwd_allreduce: 2.51 | step: 0.69
[2024-12-09 12:30:35,779] [INFO] [logging.py:128:log_dist] [Rank 0] time (ms) | fwd_microstep: 4.04 | bwd_microstep: 6.90 | bwd_inner_microstep: 4.17 | bwd_allreduce_microstep: 2.71 | step_microstep: 0.67
[2024-12-09 12:30:35,779] [INFO] [logging.py:128:log_dist] [Rank 0] time (ms) | fwd: 4.02 | bwd: 6.90 | bwd_inner: 4.16 | bwd_allreduce: 2.71 | step: 0.69
[2024-12-09 12:30:35,816] [INFO] [logging.py:128:log_dist] [Rank 0] time (ms) | fwd_microstep: 4.37 | bwd_microstep: 7.45 | bwd_inner_microstep: 4.21 | bwd_allreduce_microstep: 3.19 | step_microstep: 0.67
[2024-12-09 12:30:35,816] [INFO] [logging.py:128:log_dist] [Rank 0] time (ms) | fwd: 4.35 | bwd: 7.43 | bwd_inner: 4.20 | bwd_allreduce: 3.19 | step: 0.69
[2024-12-09 12:30:35,852] [INFO] [logging.py:128:log_dist] [Rank 0] time (ms) | fwd_microstep: 4.01 | bwd_microstep: 6.82 | bwd_inner_microstep: 4.19 | bwd_allreduce_microstep: 2.59 | step_microstep: 0.68
[2024-12-09 12:30:35,852] [INFO] [logging.py:128:log_dist] [Rank 0] time (ms) | fwd: 3.98 | bwd: 6.81 | bwd_inner: 4.18 | bwd_allreduce: 2.59 | step: 0.69
[2024-12-09 12:30:35,887] [INFO] [logging.py:128:log_dist] [Rank 0] time (ms) | fwd_microstep: 4.08 | bwd_microstep: 6.66 | bwd_inner_microstep: 4.15 | bwd_allreduce_microstep: 2.48 | step_microstep: 0.68
[2024-12-09 12:30:35,888] [INFO] [logging.py:128:log_dist] [Rank 0] time (ms) | fwd: 4.05 | bwd: 6.65 | bwd_inner: 4.14 | bwd_allreduce: 2.48 | step: 0.70
[2024-12-09 12:30:35,923] [INFO] [logging.py:128:log_dist] [Rank 0] time (ms) | fwd_microstep: 3.95 | bwd_microstep: 6.81 | bwd_inner_microstep: 4.16 | bwd_allreduce_microstep: 2.58 | step_microstep: 0.70
[2024-12-09 12:30:35,924] [INFO] [logging.py:128:log_dist] [Rank 0] time (ms) | fwd: 3.93 | bwd: 6.80 | bwd_inner: 4.17 | bwd_allreduce: 2.58 | step: 0.71
[2024-12-09 12:30:35,959] [INFO] [logging.py:128:log_dist] [Rank 0] time (ms) | fwd_microstep: 4.07 | bwd_microstep: 6.64 | bwd_inner_microstep: 4.11 | bwd_allreduce_microstep: 2.49 | step_microstep: 0.68
[2024-12-09 12:30:35,959] [INFO] [logging.py:128:log_dist] [Rank 0] time (ms) | fwd: 4.06 | bwd: 6.63 | bwd_inner: 4.10 | bwd_allreduce: 2.49 | step: 0.70
[2024-12-09 12:30:35,995] [INFO] [logging.py:128:log_dist] [Rank 0] time (ms) | fwd_microstep: 4.02 | bwd_microstep: 6.69 | bwd_inner_microstep: 4.14 | bwd_allreduce_microstep: 2.49 | step_microstep: 0.67
[2024-12-09 12:30:35,995] [INFO] [logging.py:128:log_dist] [Rank 0] time (ms) | fwd: 4.00 | bwd: 6.66 | bwd_inner: 4.13 | bwd_allreduce: 2.49 | step: 0.69
[2024-12-09 12:30:36,031] [INFO] [logging.py:128:log_dist] [Rank 0] time (ms) | fwd_microstep: 4.00 | bwd_microstep: 6.67 | bwd_inner_microstep: 4.18 | bwd_allreduce_microstep: 2.45 | step_microstep: 0.69
[2024-12-09 12:30:36,031] [INFO] [logging.py:128:log_dist] [Rank 0] time (ms) | fwd: 3.99 | bwd: 6.66 | bwd_inner: 4.17 | bwd_allreduce: 2.45 | step: 0.70
[2024-12-09 12:30:36,066] [INFO] [logging.py:128:log_dist] [Rank 0] time (ms) | fwd_microstep: 4.04 | bwd_microstep: 6.77 | bwd_inner_microstep: 4.14 | bwd_allreduce_microstep: 2.59 | step_microstep: 0.67
[2024-12-09 12:30:36,067] [INFO] [logging.py:128:log_dist] [Rank 0] time (ms) | fwd: 4.04 | bwd: 6.76 | bwd_inner: 4.13 | bwd_allreduce: 2.59 | step: 0.69
[2024-12-09 12:30:36,102] [INFO] [logging.py:128:log_dist] [Rank 0] time (ms) | fwd_microstep: 3.92 | bwd_microstep: 6.77 | bwd_inner_microstep: 4.13 | bwd_allreduce_microstep: 2.59 | step_microstep: 0.69
[2024-12-09 12:30:36,103] [INFO] [logging.py:128:log_dist] [Rank 0] time (ms) | fwd: 3.90 | bwd: 6.76 | bwd_inner: 4.13 | bwd_allreduce: 2.58 | step: 0.72
[2024-12-09 12:30:36,138] [INFO] [logging.py:128:log_dist] [Rank 0] time (ms) | fwd_microstep: 4.07 | bwd_microstep: 6.70 | bwd_inner_microstep: 4.26 | bwd_allreduce_microstep: 2.40 | step_microstep: 0.68
[2024-12-09 12:30:36,138] [INFO] [logging.py:128:log_dist] [Rank 0] time (ms) | fwd: 4.06 | bwd: 6.69 | bwd_inner: 4.26 | bwd_allreduce: 2.40 | step: 0.70
[2024-12-09 12:30:36,174] [INFO] [logging.py:128:log_dist] [Rank 0] time (ms) | fwd_microstep: 4.12 | bwd_microstep: 6.85 | bwd_inner_microstep: 4.19 | bwd_allreduce_microstep: 2.61 | step_microstep: 0.68
[2024-12-09 12:30:36,174] [INFO] [logging.py:128:log_dist] [Rank 0] time (ms) | fwd: 4.11 | bwd: 6.84 | bwd_inner: 4.19 | bwd_allreduce: 2.61 | step: 0.69
[2024-12-09 12:30:36,210] [INFO] [logging.py:128:log_dist] [Rank 0] time (ms) | fwd_microstep: 4.17 | bwd_microstep: 6.79 | bwd_inner_microstep: 4.16 | bwd_allreduce_microstep: 2.57 | step_microstep: 0.68
[2024-12-09 12:30:36,210] [INFO] [logging.py:128:log_dist] [Rank 0] time (ms) | fwd: 4.16 | bwd: 6.76 | bwd_inner: 4.16 | bwd_allreduce: 2.57 | step: 0.69
[2024-12-09 12:30:36,246] [INFO] [logging.py:128:log_dist] [Rank 0] time (ms) | fwd_microstep: 3.98 | bwd_microstep: 6.79 | bwd_inner_microstep: 4.24 | bwd_allreduce_microstep: 2.51 | step_microstep: 0.68
[2024-12-09 12:30:36,246] [INFO] [logging.py:128:log_dist] [Rank 0] time (ms) | fwd: 3.97 | bwd: 6.78 | bwd_inner: 4.21 | bwd_allreduce: 2.51 | step: 0.69
[2024-12-09 12:30:36,282] [INFO] [logging.py:128:log_dist] [Rank 0] time (ms) | fwd_microstep: 3.97 | bwd_microstep: 6.80 | bwd_inner_microstep: 4.20 | bwd_allreduce_microstep: 2.55 | step_microstep: 0.68
[2024-12-09 12:30:36,282] [INFO] [logging.py:128:log_dist] [Rank 0] time (ms) | fwd: 3.96 | bwd: 6.78 | bwd_inner: 4.20 | bwd_allreduce: 2.55 | step: 0.69
[2024-12-09 12:30:36,317] [INFO] [logging.py:128:log_dist] [Rank 0] time (ms) | fwd_microstep: 4.03 | bwd_microstep: 6.65 | bwd_inner_microstep: 4.15 | bwd_allreduce_microstep: 2.47 | step_microstep: 0.67
[2024-12-09 12:30:36,317] [INFO] [logging.py:128:log_dist] [Rank 0] time (ms) | fwd: 4.02 | bwd: 6.64 | bwd_inner: 4.14 | bwd_allreduce: 2.47 | step: 0.69
[2024-12-09 12:30:36,352] [INFO] [logging.py:128:log_dist] [Rank 0] time (ms) | fwd_microstep: 4.01 | bwd_microstep: 6.67 | bwd_inner_microstep: 4.14 | bwd_allreduce_microstep: 2.45 | step_microstep: 0.71
[2024-12-09 12:30:36,352] [INFO] [logging.py:128:log_dist] [Rank 0] time (ms) | fwd: 4.00 | bwd: 6.64 | bwd_inner: 4.13 | bwd_allreduce: 2.45 | step: 0.73
[2024-12-09 12:30:36,388] [INFO] [logging.py:128:log_dist] [Rank 0] time (ms) | fwd_microstep: 4.31 | bwd_microstep: 6.69 | bwd_inner_microstep: 4.11 | bwd_allreduce_microstep: 2.52 | step_microstep: 0.68
[2024-12-09 12:30:36,389] [INFO] [logging.py:128:log_dist] [Rank 0] time (ms) | fwd: 4.29 | bwd: 6.68 | bwd_inner: 4.11 | bwd_allreduce: 2.52 | step: 0.70
[2024-12-09 12:30:36,425] [INFO] [logging.py:128:log_dist] [Rank 0] time (ms) | fwd_microstep: 4.01 | bwd_microstep: 6.77 | bwd_inner_microstep: 4.19 | bwd_allreduce_microstep: 2.54 | step_microstep: 0.67
[2024-12-09 12:30:36,425] [INFO] [logging.py:128:log_dist] [Rank 0] time (ms) | fwd: 3.99 | bwd: 6.76 | bwd_inner: 4.18 | bwd_allreduce: 2.54 | step: 0.69
[2024-12-09 12:30:36,460] [INFO] [logging.py:128:log_dist] [Rank 0] time (ms) | fwd_microstep: 3.86 | bwd_microstep: 6.59 | bwd_inner_microstep: 4.17 | bwd_allreduce_microstep: 2.38 | step_microstep: 0.68
[2024-12-09 12:30:36,460] [INFO] [logging.py:128:log_dist] [Rank 0] time (ms) | fwd: 3.85 | bwd: 6.58 | bwd_inner: 4.16 | bwd_allreduce: 2.38 | step: 0.70
[2024-12-09 12:30:36,495] [INFO] [logging.py:128:log_dist] [Rank 0] time (ms) | fwd_microstep: 4.03 | bwd_microstep: 7.06 | bwd_inner_microstep: 4.19 | bwd_allreduce_microstep: 2.83 | step_microstep: 0.67
[2024-12-09 12:30:36,495] [INFO] [logging.py:128:log_dist] [Rank 0] time (ms) | fwd: 4.02 | bwd: 7.04 | bwd_inner: 4.18 | bwd_allreduce: 2.83 | step: 0.69
[2024-12-09 12:30:36,531] [INFO] [logging.py:128:log_dist] [Rank 0] time (ms) | fwd_microstep: 4.03 | bwd_microstep: 6.65 | bwd_inner_microstep: 4.19 | bwd_allreduce_microstep: 2.42 | step_microstep: 0.68
[2024-12-09 12:30:36,531] [INFO] [logging.py:128:log_dist] [Rank 0] time (ms) | fwd: 4.01 | bwd: 6.64 | bwd_inner: 4.18 | bwd_allreduce: 2.42 | step: 0.69
[2024-12-09 12:30:36,567] [INFO] [logging.py:128:log_dist] [Rank 0] time (ms) | fwd_microstep: 4.09 | bwd_microstep: 6.75 | bwd_inner_microstep: 4.19 | bwd_allreduce_microstep: 2.52 | step_microstep: 0.68
[2024-12-09 12:30:36,567] [INFO] [logging.py:128:log_dist] [Rank 0] time (ms) | fwd: 4.08 | bwd: 6.74 | bwd_inner: 4.18 | bwd_allreduce: 2.52 | step: 0.69
[2024-12-09 12:30:36,603] [INFO] [logging.py:128:log_dist] [Rank 0] time (ms) | fwd_microstep: 4.04 | bwd_microstep: 6.86 | bwd_inner_microstep: 4.20 | bwd_allreduce_microstep: 2.63 | step_microstep: 0.68
[2024-12-09 12:30:36,603] [INFO] [logging.py:128:log_dist] [Rank 0] time (ms) | fwd: 4.02 | bwd: 6.85 | bwd_inner: 4.19 | bwd_allreduce: 2.63 | step: 0.70
[2024-12-09 12:30:36,639] [INFO] [logging.py:128:log_dist] [Rank 0] time (ms) | fwd_microstep: 4.10 | bwd_microstep: 6.75 | bwd_inner_microstep: 4.17 | bwd_allreduce_microstep: 2.54 | step_microstep: 0.69
[2024-12-09 12:30:36,639] [INFO] [logging.py:128:log_dist] [Rank 0] time (ms) | fwd: 4.08 | bwd: 6.74 | bwd_inner: 4.16 | bwd_allreduce: 2.54 | step: 0.69
[2024-12-09 12:30:36,675] [INFO] [logging.py:128:log_dist] [Rank 0] time (ms) | fwd_microstep: 3.94 | bwd_microstep: 6.53 | bwd_inner_microstep: 4.19 | bwd_allreduce_microstep: 2.30 | step_microstep: 0.68
[2024-12-09 12:30:36,675] [INFO] [logging.py:128:log_dist] [Rank 0] time (ms) | fwd: 3.93 | bwd: 6.51 | bwd_inner: 4.18 | bwd_allreduce: 2.30 | step: 0.69
[2024-12-09 12:30:36,711] [INFO] [logging.py:128:log_dist] [Rank 0] time (ms) | fwd_microstep: 4.02 | bwd_microstep: 6.72 | bwd_inner_microstep: 4.23 | bwd_allreduce_microstep: 2.45 | step_microstep: 0.69
[2024-12-09 12:30:36,711] [INFO] [logging.py:128:log_dist] [Rank 0] time (ms) | fwd: 4.02 | bwd: 6.71 | bwd_inner: 4.22 | bwd_allreduce: 2.45 | step: 0.71
[2024-12-09 12:30:36,746] [INFO] [logging.py:128:log_dist] [Rank 0] time (ms) | fwd_microstep: 3.95 | bwd_microstep: 6.71 | bwd_inner_microstep: 4.20 | bwd_allreduce_microstep: 2.45 | step_microstep: 0.67
[2024-12-09 12:30:36,746] [INFO] [logging.py:128:log_dist] [Rank 0] time (ms) | fwd: 3.94 | bwd: 6.68 | bwd_inner: 4.19 | bwd_allreduce: 2.45 | step: 0.69
[2024-12-09 12:30:36,781] [INFO] [logging.py:128:log_dist] [Rank 0] time (ms) | fwd_microstep: 3.94 | bwd_microstep: 6.51 | bwd_inner_microstep: 4.12 | bwd_allreduce_microstep: 2.34 | step_microstep: 0.67
[2024-12-09 12:30:36,781] [INFO] [logging.py:128:log_dist] [Rank 0] time (ms) | fwd: 3.92 | bwd: 6.50 | bwd_inner: 4.12 | bwd_allreduce: 2.34 | step: 0.69
[2024-12-09 12:30:36,817] [INFO] [logging.py:128:log_dist] [Rank 0] time (ms) | fwd_microstep: 4.17 | bwd_microstep: 6.97 | bwd_inner_microstep: 4.26 | bwd_allreduce_microstep: 2.63 | step_microstep: 0.73
[2024-12-09 12:30:36,818] [INFO] [logging.py:128:log_dist] [Rank 0] time (ms) | fwd: 4.17 | bwd: 6.96 | bwd_inner: 4.27 | bwd_allreduce: 2.62 | step: 0.75
[2024-12-09 12:30:36,853] [INFO] [logging.py:128:log_dist] [Rank 0] time (ms) | fwd_microstep: 3.97 | bwd_microstep: 6.91 | bwd_inner_microstep: 4.23 | bwd_allreduce_microstep: 2.62 | step_microstep: 0.68
[2024-12-09 12:30:36,854] [INFO] [logging.py:128:log_dist] [Rank 0] time (ms) | fwd: 3.96 | bwd: 6.90 | bwd_inner: 4.24 | bwd_allreduce: 2.61 | step: 0.70
[2024-12-09 12:30:36,888] [INFO] [logging.py:128:log_dist] [Rank 0] time (ms) | fwd_microstep: 4.08 | bwd_microstep: 6.62 | bwd_inner_microstep: 4.13 | bwd_allreduce_microstep: 2.45 | step_microstep: 0.69
[2024-12-09 12:30:36,888] [INFO] [logging.py:128:log_dist] [Rank 0] time (ms) | fwd: 4.07 | bwd: 6.60 | bwd_inner: 4.12 | bwd_allreduce: 2.45 | step: 0.70
[2024-12-09 12:30:36,923] [INFO] [logging.py:128:log_dist] [Rank 0] time (ms) | fwd_microstep: 3.92 | bwd_microstep: 6.68 | bwd_inner_microstep: 4.19 | bwd_allreduce_microstep: 2.45 | step_microstep: 0.68
[2024-12-09 12:30:36,923] [INFO] [logging.py:128:log_dist] [Rank 0] time (ms) | fwd: 3.90 | bwd: 6.66 | bwd_inner: 4.18 | bwd_allreduce: 2.45 | step: 0.69
[2024-12-09 12:30:36,958] [INFO] [logging.py:128:log_dist] [Rank 0] time (ms) | fwd_microstep: 4.01 | bwd_microstep: 6.63 | bwd_inner_microstep: 4.12 | bwd_allreduce_microstep: 2.47 | step_microstep: 0.68
[2024-12-09 12:30:36,958] [INFO] [logging.py:128:log_dist] [Rank 0] time (ms) | fwd: 3.99 | bwd: 6.62 | bwd_inner: 4.11 | bwd_allreduce: 2.47 | step: 0.70
[2024-12-09 12:30:36,993] [INFO] [logging.py:128:log_dist] [Rank 0] time (ms) | fwd_microstep: 3.96 | bwd_microstep: 6.81 | bwd_inner_microstep: 4.12 | bwd_allreduce_microstep: 2.62 | step_microstep: 0.68
[2024-12-09 12:30:36,993] [INFO] [logging.py:128:log_dist] [Rank 0] time (ms) | fwd: 3.94 | bwd: 6.80 | bwd_inner: 4.12 | bwd_allreduce: 2.62 | step: 0.69
[2024-12-09 12:30:37,029] [INFO] [logging.py:128:log_dist] [Rank 0] time (ms) | fwd_microstep: 4.25 | bwd_microstep: 6.92 | bwd_inner_microstep: 4.18 | bwd_allreduce_microstep: 2.63 | step_microstep: 0.68
[2024-12-09 12:30:37,029] [INFO] [logging.py:128:log_dist] [Rank 0] time (ms) | fwd: 4.24 | bwd: 6.87 | bwd_inner: 4.19 | bwd_allreduce: 2.62 | step: 0.70
[2024-12-09 12:30:37,065] [INFO] [logging.py:128:log_dist] [Rank 0] time (ms) | fwd_microstep: 4.04 | bwd_microstep: 6.85 | bwd_inner_microstep: 4.22 | bwd_allreduce_microstep: 2.58 | step_microstep: 0.68
[2024-12-09 12:30:37,066] [INFO] [logging.py:128:log_dist] [Rank 0] time (ms) | fwd: 4.02 | bwd: 6.83 | bwd_inner: 4.20 | bwd_allreduce: 2.58 | step: 0.69
[2024-12-09 12:30:37,101] [INFO] [logging.py:128:log_dist] [Rank 0] time (ms) | fwd_microstep: 3.93 | bwd_microstep: 6.83 | bwd_inner_microstep: 4.15 | bwd_allreduce_microstep: 2.64 | step_microstep: 0.68
[2024-12-09 12:30:37,101] [INFO] [logging.py:128:log_dist] [Rank 0] time (ms) | fwd: 3.92 | bwd: 6.82 | bwd_inner: 4.14 | bwd_allreduce: 2.63 | step: 0.69
[2024-12-09 12:30:37,137] [INFO] [logging.py:128:log_dist] [Rank 0] time (ms) | fwd_microstep: 4.10 | bwd_microstep: 6.98 | bwd_inner_microstep: 4.29 | bwd_allreduce_microstep: 2.62 | step_microstep: 0.68
[2024-12-09 12:30:37,138] [INFO] [logging.py:128:log_dist] [Rank 0] time (ms) | fwd: 4.09 | bwd: 6.97 | bwd_inner: 4.30 | bwd_allreduce: 2.61 | step: 0.69
[2024-12-09 12:30:37,173] [INFO] [logging.py:128:log_dist] [Rank 0] time (ms) | fwd_microstep: 4.05 | bwd_microstep: 6.76 | bwd_inner_microstep: 4.23 | bwd_allreduce_microstep: 2.49 | step_microstep: 0.69
[2024-12-09 12:30:37,173] [INFO] [logging.py:128:log_dist] [Rank 0] time (ms) | fwd: 4.04 | bwd: 6.75 | bwd_inner: 4.22 | bwd_allreduce: 2.49 | step: 0.71
[2024-12-09 12:30:37,208] [INFO] [logging.py:128:log_dist] [Rank 0] time (ms) | fwd_microstep: 3.99 | bwd_microstep: 6.83 | bwd_inner_microstep: 4.28 | bwd_allreduce_microstep: 2.51 | step_microstep: 0.68
[2024-12-09 12:30:37,208] [INFO] [logging.py:128:log_dist] [Rank 0] time (ms) | fwd: 3.98 | bwd: 6.82 | bwd_inner: 4.27 | bwd_allreduce: 2.51 | step: 0.70
[2024-12-09 12:30:37,243] [INFO] [logging.py:128:log_dist] [Rank 0] time (ms) | fwd_microstep: 3.87 | bwd_microstep: 6.85 | bwd_inner_microstep: 4.20 | bwd_allreduce_microstep: 2.62 | step_microstep: 0.69
[2024-12-09 12:30:37,243] [INFO] [logging.py:128:log_dist] [Rank 0] time (ms) | fwd: 3.86 | bwd: 6.84 | bwd_inner: 4.19 | bwd_allreduce: 2.62 | step: 0.70
[2024-12-09 12:30:37,278] [INFO] [logging.py:128:log_dist] [Rank 0] time (ms) | fwd_microstep: 4.07 | bwd_microstep: 6.80 | bwd_inner_microstep: 4.16 | bwd_allreduce_microstep: 2.59 | step_microstep: 0.68
[2024-12-09 12:30:37,278] [INFO] [logging.py:128:log_dist] [Rank 0] time (ms) | fwd: 4.05 | bwd: 6.79 | bwd_inner: 4.16 | bwd_allreduce: 2.59 | step: 0.69
[2024-12-09 12:30:37,314] [INFO] [logging.py:128:log_dist] [Rank 0] time (ms) | fwd_microstep: 3.84 | bwd_microstep: 7.14 | bwd_inner_microstep: 4.17 | bwd_allreduce_microstep: 2.91 | step_microstep: 0.68
[2024-12-09 12:30:37,314] [INFO] [logging.py:128:log_dist] [Rank 0] time (ms) | fwd: 3.82 | bwd: 7.14 | bwd_inner: 4.18 | bwd_allreduce: 2.90 | step: 0.69
[2024-12-09 12:30:37,349] [INFO] [logging.py:128:log_dist] [Rank 0] time (ms) | fwd_microstep: 4.07 | bwd_microstep: 6.62 | bwd_inner_microstep: 4.19 | bwd_allreduce_microstep: 2.40 | step_microstep: 0.68
[2024-12-09 12:30:37,349] [INFO] [logging.py:128:log_dist] [Rank 0] time (ms) | fwd: 4.05 | bwd: 6.61 | bwd_inner: 4.18 | bwd_allreduce: 2.40 | step: 0.69
[2024-12-09 12:30:37,384] [INFO] [logging.py:128:log_dist] [Rank 0] time (ms) | fwd_microstep: 3.86 | bwd_microstep: 6.71 | bwd_inner_microstep: 4.27 | bwd_allreduce_microstep: 2.41 | step_microstep: 0.67
[2024-12-09 12:30:37,384] [INFO] [logging.py:128:log_dist] [Rank 0] time (ms) | fwd: 3.82 | bwd: 6.71 | bwd_inner: 4.26 | bwd_allreduce: 2.41 | step: 0.69
[2024-12-09 12:30:37,420] [INFO] [logging.py:128:log_dist] [Rank 0] time (ms) | fwd_microstep: 3.99 | bwd_microstep: 6.62 | bwd_inner_microstep: 4.16 | bwd_allreduce_microstep: 2.42 | step_microstep: 0.68
[2024-12-09 12:30:37,420] [INFO] [logging.py:128:log_dist] [Rank 0] time (ms) | fwd: 3.98 | bwd: 6.61 | bwd_inner: 4.15 | bwd_allreduce: 2.42 | step: 0.69
[2024-12-09 12:30:37,457] [INFO] [logging.py:128:log_dist] [Rank 0] time (ms) | fwd_microstep: 4.01 | bwd_microstep: 7.20 | bwd_inner_microstep: 4.54 | bwd_allreduce_microstep: 2.59 | step_microstep: 0.67
[2024-12-09 12:30:37,457] [INFO] [logging.py:128:log_dist] [Rank 0] time (ms) | fwd: 4.01 | bwd: 7.19 | bwd_inner: 4.55 | bwd_allreduce: 2.58 | step: 0.69
[2024-12-09 12:30:37,492] [INFO] [logging.py:128:log_dist] [Rank 0] time (ms) | fwd_microstep: 3.98 | bwd_microstep: 6.84 | bwd_inner_microstep: 4.18 | bwd_allreduce_microstep: 2.59 | step_microstep: 0.68
[2024-12-09 12:30:37,492] [INFO] [logging.py:128:log_dist] [Rank 0] time (ms) | fwd: 3.97 | bwd: 6.83 | bwd_inner: 4.19 | bwd_allreduce: 2.58 | step: 0.70
[2024-12-09 12:30:37,529] [INFO] [logging.py:128:log_dist] [Rank 0] time (ms) | fwd_microstep: 4.06 | bwd_microstep: 7.10 | bwd_inner_microstep: 4.22 | bwd_allreduce_microstep: 2.84 | step_microstep: 0.68
[2024-12-09 12:30:37,529] [INFO] [logging.py:128:log_dist] [Rank 0] time (ms) | fwd: 4.04 | bwd: 7.09 | bwd_inner: 4.22 | bwd_allreduce: 2.84 | step: 0.70
[2024-12-09 12:30:37,565] [INFO] [logging.py:128:log_dist] [Rank 0] time (ms) | fwd_microstep: 3.96 | bwd_microstep: 6.73 | bwd_inner_microstep: 4.25 | bwd_allreduce_microstep: 2.43 | step_microstep: 0.70
[2024-12-09 12:30:37,565] [INFO] [logging.py:128:log_dist] [Rank 0] time (ms) | fwd: 3.95 | bwd: 6.71 | bwd_inner: 4.24 | bwd_allreduce: 2.43 | step: 0.71
[2024-12-09 12:30:37,600] [INFO] [logging.py:128:log_dist] [Rank 0] time (ms) | fwd_microstep: 3.95 | bwd_microstep: 6.63 | bwd_inner_microstep: 4.22 | bwd_allreduce_microstep: 2.36 | step_microstep: 0.68
[2024-12-09 12:30:37,600] [INFO] [logging.py:128:log_dist] [Rank 0] time (ms) | fwd: 3.94 | bwd: 6.62 | bwd_inner: 4.21 | bwd_allreduce: 2.36 | step: 0.69
[2024-12-09 12:30:37,635] [INFO] [logging.py:128:log_dist] [Rank 0] time (ms) | fwd_microstep: 4.02 | bwd_microstep: 6.79 | bwd_inner_microstep: 4.23 | bwd_allreduce_microstep: 2.52 | step_microstep: 0.69
[2024-12-09 12:30:37,635] [INFO] [logging.py:128:log_dist] [Rank 0] time (ms) | fwd: 4.00 | bwd: 6.78 | bwd_inner: 4.22 | bwd_allreduce: 2.52 | step: 0.73
[2024-12-09 12:30:37,673] [INFO] [logging.py:128:log_dist] [Rank 0] time (ms) | fwd_microstep: 4.09 | bwd_microstep: 7.13 | bwd_inner_microstep: 4.43 | bwd_allreduce_microstep: 2.63 | step_microstep: 0.69
[2024-12-09 12:30:37,673] [INFO] [logging.py:128:log_dist] [Rank 0] time (ms) | fwd: 4.09 | bwd: 7.12 | bwd_inner: 4.44 | bwd_allreduce: 2.62 | step: 0.70
[2024-12-09 12:30:37,710] [INFO] [logging.py:128:log_dist] [Rank 0] time (ms) | fwd_microstep: 4.05 | bwd_microstep: 7.49 | bwd_inner_microstep: 4.37 | bwd_allreduce_microstep: 3.05 | step_microstep: 0.68
[2024-12-09 12:30:37,711] [INFO] [logging.py:128:log_dist] [Rank 0] time (ms) | fwd: 4.03 | bwd: 7.48 | bwd_inner: 4.38 | bwd_allreduce: 3.04 | step: 0.70
[2024-12-09 12:30:37,749] [INFO] [logging.py:128:log_dist] [Rank 0] time (ms) | fwd_microstep: 4.22 | bwd_microstep: 6.98 | bwd_inner_microstep: 4.31 | bwd_allreduce_microstep: 2.63 | step_microstep: 0.67
[2024-12-09 12:30:37,749] [INFO] [logging.py:128:log_dist] [Rank 0] time (ms) | fwd: 4.20 | bwd: 6.96 | bwd_inner: 4.30 | bwd_allreduce: 2.62 | step: 0.69
[2024-12-09 12:30:37,785] [INFO] [logging.py:128:log_dist] [Rank 0] time (ms) | fwd_microstep: 4.12 | bwd_microstep: 6.88 | bwd_inner_microstep: 4.18 | bwd_allreduce_microstep: 2.64 | step_microstep: 0.68
[2024-12-09 12:30:37,786] [INFO] [logging.py:128:log_dist] [Rank 0] time (ms) | fwd: 4.10 | bwd: 6.86 | bwd_inner: 4.17 | bwd_allreduce: 2.63 | step: 0.69
[2024-12-09 12:30:37,823] [INFO] [logging.py:128:log_dist] [Rank 0] time (ms) | fwd_microstep: 4.04 | bwd_microstep: 6.94 | bwd_inner_microstep: 4.23 | bwd_allreduce_microstep: 2.62 | step_microstep: 0.68
[2024-12-09 12:30:37,823] [INFO] [logging.py:128:log_dist] [Rank 0] time (ms) | fwd: 4.03 | bwd: 6.92 | bwd_inner: 4.24 | bwd_allreduce: 2.61 | step: 0.71
[2024-12-09 12:30:37,859] [INFO] [logging.py:128:log_dist] [Rank 0] time (ms) | fwd_microstep: 4.02 | bwd_microstep: 6.87 | bwd_inner_microstep: 4.17 | bwd_allreduce_microstep: 2.66 | step_microstep: 0.68
[2024-12-09 12:30:37,859] [INFO] [logging.py:128:log_dist] [Rank 0] time (ms) | fwd: 4.01 | bwd: 6.86 | bwd_inner: 4.16 | bwd_allreduce: 2.66 | step: 0.69
[2024-12-09 12:30:37,894] [INFO] [logging.py:128:log_dist] [Rank 0] time (ms) | fwd_microstep: 3.97 | bwd_microstep: 6.90 | bwd_inner_microstep: 4.21 | bwd_allreduce_microstep: 2.62 | step_microstep: 0.68
[2024-12-09 12:30:37,895] [INFO] [logging.py:128:log_dist] [Rank 0] time (ms) | fwd: 3.95 | bwd: 6.89 | bwd_inner: 4.21 | bwd_allreduce: 2.61 | step: 0.69
[2024-12-09 12:30:37,930] [INFO] [logging.py:128:log_dist] [Rank 0] time (ms) | fwd_microstep: 3.95 | bwd_microstep: 6.80 | bwd_inner_microstep: 4.17 | bwd_allreduce_microstep: 2.57 | step_microstep: 0.68
[2024-12-09 12:30:37,931] [INFO] [logging.py:128:log_dist] [Rank 0] time (ms) | fwd: 3.94 | bwd: 6.78 | bwd_inner: 4.16 | bwd_allreduce: 2.57 | step: 0.69
[2024-12-09 12:30:37,966] [INFO] [logging.py:128:log_dist] [Rank 0] time (ms) | fwd_microstep: 3.98 | bwd_microstep: 6.68 | bwd_inner_microstep: 4.14 | bwd_allreduce_microstep: 2.50 | step_microstep: 0.68
[2024-12-09 12:30:37,966] [INFO] [logging.py:128:log_dist] [Rank 0] time (ms) | fwd: 3.97 | bwd: 6.67 | bwd_inner: 4.13 | bwd_allreduce: 2.50 | step: 0.69
[2024-12-09 12:30:38,002] [INFO] [logging.py:128:log_dist] [Rank 0] time (ms) | fwd_microstep: 3.98 | bwd_microstep: 7.03 | bwd_inner_microstep: 4.23 | bwd_allreduce_microstep: 2.70 | step_microstep: 0.68
[2024-12-09 12:30:38,002] [INFO] [logging.py:128:log_dist] [Rank 0] time (ms) | fwd: 3.96 | bwd: 7.01 | bwd_inner: 4.24 | bwd_allreduce: 2.69 | step: 0.69
[2024-12-09 12:30:38,038] [INFO] [logging.py:128:log_dist] [Rank 0] time (ms) | fwd_microstep: 4.07 | bwd_microstep: 6.67 | bwd_inner_microstep: 4.22 | bwd_allreduce_microstep: 2.41 | step_microstep: 0.70
[2024-12-09 12:30:38,038] [INFO] [logging.py:128:log_dist] [Rank 0] time (ms) | fwd: 4.06 | bwd: 6.66 | bwd_inner: 4.21 | bwd_allreduce: 2.41 | step: 0.71
[2024-12-09 12:30:38,074] [INFO] [logging.py:128:log_dist] [Rank 0] time (ms) | fwd_microstep: 3.99 | bwd_microstep: 6.86 | bwd_inner_microstep: 4.15 | bwd_allreduce_microstep: 2.65 | step_microstep: 0.68
[2024-12-09 12:30:38,074] [INFO] [logging.py:128:log_dist] [Rank 0] time (ms) | fwd: 3.98 | bwd: 6.85 | bwd_inner: 4.15 | bwd_allreduce: 2.64 | step: 0.69
[2024-12-09 12:30:38,109] [INFO] [logging.py:128:log_dist] [Rank 0] time (ms) | fwd_microstep: 4.00 | bwd_microstep: 6.63 | bwd_inner_microstep: 4.14 | bwd_allreduce_microstep: 2.45 | step_microstep: 0.68
[2024-12-09 12:30:38,109] [INFO] [logging.py:128:log_dist] [Rank 0] time (ms) | fwd: 3.99 | bwd: 6.62 | bwd_inner: 4.13 | bwd_allreduce: 2.45 | step: 0.70
[2024-12-09 12:30:38,144] [INFO] [logging.py:128:log_dist] [Rank 0] time (ms) | fwd_microstep: 3.96 | bwd_microstep: 6.80 | bwd_inner_microstep: 4.16 | bwd_allreduce_microstep: 2.58 | step_microstep: 0.67
[2024-12-09 12:30:38,144] [INFO] [logging.py:128:log_dist] [Rank 0] time (ms) | fwd: 3.94 | bwd: 6.77 | bwd_inner: 4.15 | bwd_allreduce: 2.58 | step: 0.69
[2024-12-09 12:30:38,180] [INFO] [logging.py:128:log_dist] [Rank 0] time (ms) | fwd_microstep: 4.02 | bwd_microstep: 6.81 | bwd_inner_microstep: 4.24 | bwd_allreduce_microstep: 2.54 | step_microstep: 0.68
[2024-12-09 12:30:38,180] [INFO] [logging.py:128:log_dist] [Rank 0] time (ms) | fwd: 4.00 | bwd: 6.80 | bwd_inner: 4.23 | bwd_allreduce: 2.54 | step: 0.69
[2024-12-09 12:30:38,216] [INFO] [logging.py:128:log_dist] [Rank 0] time (ms) | fwd_microstep: 4.07 | bwd_microstep: 6.56 | bwd_inner_microstep: 4.14 | bwd_allreduce_microstep: 2.38 | step_microstep: 0.68
[2024-12-09 12:30:38,216] [INFO] [logging.py:128:log_dist] [Rank 0] time (ms) | fwd: 4.07 | bwd: 6.55 | bwd_inner: 4.13 | bwd_allreduce: 2.38 | step: 0.70
[2024-12-09 12:30:38,252] [INFO] [logging.py:128:log_dist] [Rank 0] time (ms) | fwd_microstep: 3.94 | bwd_microstep: 6.84 | bwd_inner_microstep: 4.31 | bwd_allreduce_microstep: 2.49 | step_microstep: 0.67
[2024-12-09 12:30:38,252] [INFO] [logging.py:128:log_dist] [Rank 0] time (ms) | fwd: 3.92 | bwd: 6.83 | bwd_inner: 4.30 | bwd_allreduce: 2.49 | step: 0.68
[2024-12-09 12:30:38,286] [INFO] [logging.py:128:log_dist] [Rank 0] time (ms) | fwd_microstep: 3.91 | bwd_microstep: 7.08 | bwd_inner_microstep: 4.25 | bwd_allreduce_microstep: 2.77 | step_microstep: 0.67
[2024-12-09 12:30:38,287] [INFO] [logging.py:128:log_dist] [Rank 0] time (ms) | fwd: 3.91 | bwd: 7.07 | bwd_inner: 4.26 | bwd_allreduce: 2.76 | step: 0.69
[2024-12-09 12:30:38,323] [INFO] [logging.py:128:log_dist] [Rank 0] time (ms) | fwd_microstep: 3.98 | bwd_microstep: 6.82 | bwd_inner_microstep: 4.22 | bwd_allreduce_microstep: 2.56 | step_microstep: 0.69
[2024-12-09 12:30:38,323] [INFO] [logging.py:128:log_dist] [Rank 0] time (ms) | fwd: 3.97 | bwd: 6.81 | bwd_inner: 4.21 | bwd_allreduce: 2.56 | step: 0.71
[2024-12-09 12:30:38,358] [INFO] [logging.py:128:log_dist] [Rank 0] time (ms) | fwd_microstep: 4.00 | bwd_microstep: 6.73 | bwd_inner_microstep: 4.19 | bwd_allreduce_microstep: 2.50 | step_microstep: 0.68
[2024-12-09 12:30:38,358] [INFO] [logging.py:128:log_dist] [Rank 0] time (ms) | fwd: 3.99 | bwd: 6.72 | bwd_inner: 4.19 | bwd_allreduce: 2.50 | step: 0.70
[2024-12-09 12:30:38,393] [INFO] [logging.py:128:log_dist] [Rank 0] time (ms) | fwd_microstep: 4.01 | bwd_microstep: 6.80 | bwd_inner_microstep: 4.16 | bwd_allreduce_microstep: 2.60 | step_microstep: 0.68
[2024-12-09 12:30:38,393] [INFO] [logging.py:128:log_dist] [Rank 0] time (ms) | fwd: 4.00 | bwd: 6.79 | bwd_inner: 4.15 | bwd_allreduce: 2.60 | step: 0.69
[2024-12-09 12:30:38,430] [INFO] [logging.py:128:log_dist] [Rank 0] time (ms) | fwd_microstep: 4.02 | bwd_microstep: 6.64 | bwd_inner_microstep: 4.19 | bwd_allreduce_microstep: 2.41 | step_microstep: 0.68
[2024-12-09 12:30:38,430] [INFO] [logging.py:128:log_dist] [Rank 0] time (ms) | fwd: 4.00 | bwd: 6.63 | bwd_inner: 4.19 | bwd_allreduce: 2.41 | step: 0.69
[2024-12-09 12:30:38,465] [INFO] [logging.py:128:log_dist] [Rank 0] time (ms) | fwd_microstep: 3.94 | bwd_microstep: 6.74 | bwd_inner_microstep: 4.21 | bwd_allreduce_microstep: 2.48 | step_microstep: 0.68
[2024-12-09 12:30:38,465] [INFO] [logging.py:128:log_dist] [Rank 0] time (ms) | fwd: 3.93 | bwd: 6.73 | bwd_inner: 4.20 | bwd_allreduce: 2.48 | step: 0.69
[2024-12-09 12:30:38,502] [INFO] [logging.py:128:log_dist] [Rank 0] time (ms) | fwd_microstep: 4.03 | bwd_microstep: 7.03 | bwd_inner_microstep: 4.31 | bwd_allreduce_microstep: 2.65 | step_microstep: 0.68
[2024-12-09 12:30:38,503] [INFO] [logging.py:128:log_dist] [Rank 0] time (ms) | fwd: 3.99 | bwd: 7.01 | bwd_inner: 4.32 | bwd_allreduce: 2.64 | step: 0.70
[2024-12-09 12:30:38,539] [INFO] [logging.py:128:log_dist] [Rank 0] time (ms) | fwd_microstep: 4.01 | bwd_microstep: 6.67 | bwd_inner_microstep: 4.21 | bwd_allreduce_microstep: 2.44 | step_microstep: 0.68
[2024-12-09 12:30:38,539] [INFO] [logging.py:128:log_dist] [Rank 0] time (ms) | fwd: 3.98 | bwd: 6.67 | bwd_inner: 4.20 | bwd_allreduce: 2.44 | step: 0.70
[2024-12-09 12:30:38,574] [INFO] [logging.py:128:log_dist] [Rank 0] time (ms) | fwd_microstep: 3.99 | bwd_microstep: 6.93 | bwd_inner_microstep: 4.11 | bwd_allreduce_microstep: 2.76 | step_microstep: 0.68
[2024-12-09 12:30:38,574] [INFO] [logging.py:128:log_dist] [Rank 0] time (ms) | fwd: 3.97 | bwd: 6.92 | bwd_inner: 4.10 | bwd_allreduce: 2.76 | step: 0.69
[2024-12-09 12:30:38,610] [INFO] [logging.py:128:log_dist] [Rank 0] time (ms) | fwd_microstep: 4.12 | bwd_microstep: 6.81 | bwd_inner_microstep: 4.14 | bwd_allreduce_microstep: 2.63 | step_microstep: 0.68
[2024-12-09 12:30:38,610] [INFO] [logging.py:128:log_dist] [Rank 0] time (ms) | fwd: 4.11 | bwd: 6.80 | bwd_inner: 4.13 | bwd_allreduce: 2.63 | step: 0.69
[2024-12-09 12:30:38,646] [INFO] [logging.py:128:log_dist] [Rank 0] time (ms) | fwd_microstep: 3.89 | bwd_microstep: 6.65 | bwd_inner_microstep: 4.20 | bwd_allreduce_microstep: 2.40 | step_microstep: 0.68
[2024-12-09 12:30:38,646] [INFO] [logging.py:128:log_dist] [Rank 0] time (ms) | fwd: 3.88 | bwd: 6.64 | bwd_inner: 4.19 | bwd_allreduce: 2.40 | step: 0.70
[2024-12-09 12:30:38,681] [INFO] [logging.py:128:log_dist] [Rank 0] time (ms) | fwd_microstep: 3.90 | bwd_microstep: 6.63 | bwd_inner_microstep: 4.17 | bwd_allreduce_microstep: 2.41 | step_microstep: 0.68
[2024-12-09 12:30:38,682] [INFO] [logging.py:128:log_dist] [Rank 0] time (ms) | fwd: 3.88 | bwd: 6.62 | bwd_inner: 4.16 | bwd_allreduce: 2.41 | step: 0.69
[2024-12-09 12:30:38,717] [INFO] [logging.py:128:log_dist] [Rank 0] time (ms) | fwd_microstep: 4.05 | bwd_microstep: 6.48 | bwd_inner_microstep: 4.17 | bwd_allreduce_microstep: 2.26 | step_microstep: 0.68
[2024-12-09 12:30:38,717] [INFO] [logging.py:128:log_dist] [Rank 0] time (ms) | fwd: 4.04 | bwd: 6.47 | bwd_inner: 4.15 | bwd_allreduce: 2.26 | step: 0.69
[2024-12-09 12:30:38,755] [INFO] [logging.py:128:log_dist] [Rank 0] time (ms) | fwd_microstep: 4.42 | bwd_microstep: 6.97 | bwd_inner_microstep: 4.25 | bwd_allreduce_microstep: 2.66 | step_microstep: 0.69
[2024-12-09 12:30:38,755] [INFO] [logging.py:128:log_dist] [Rank 0] time (ms) | fwd: 4.41 | bwd: 6.96 | bwd_inner: 4.25 | bwd_allreduce: 2.65 | step: 0.70
[2024-12-09 12:30:38,794] [INFO] [logging.py:128:log_dist] [Rank 0] time (ms) | fwd_microstep: 4.30 | bwd_microstep: 7.06 | bwd_inner_microstep: 4.31 | bwd_allreduce_microstep: 2.67 | step_microstep: 0.68
[2024-12-09 12:30:38,795] [INFO] [logging.py:128:log_dist] [Rank 0] time (ms) | fwd: 4.29 | bwd: 7.05 | bwd_inner: 4.32 | bwd_allreduce: 2.66 | step: 0.70
[2024-12-09 12:30:38,832] [INFO] [logging.py:128:log_dist] [Rank 0] time (ms) | fwd_microstep: 4.10 | bwd_microstep: 6.77 | bwd_inner_microstep: 4.18 | bwd_allreduce_microstep: 2.55 | step_microstep: 0.68
[2024-12-09 12:30:38,832] [INFO] [logging.py:128:log_dist] [Rank 0] time (ms) | fwd: 4.08 | bwd: 6.76 | bwd_inner: 4.17 | bwd_allreduce: 2.55 | step: 0.69
[2024-12-09 12:30:38,867] [INFO] [logging.py:128:log_dist] [Rank 0] time (ms) | fwd_microstep: 4.03 | bwd_microstep: 6.96 | bwd_inner_microstep: 4.26 | bwd_allreduce_microstep: 2.63 | step_microstep: 0.68
[2024-12-09 12:30:38,868] [INFO] [logging.py:128:log_dist] [Rank 0] time (ms) | fwd: 4.01 | bwd: 6.95 | bwd_inner: 4.27 | bwd_allreduce: 2.62 | step: 0.69
[2024-12-09 12:30:38,903] [INFO] [logging.py:128:log_dist] [Rank 0] time (ms) | fwd_microstep: 3.96 | bwd_microstep: 6.80 | bwd_inner_microstep: 4.13 | bwd_allreduce_microstep: 2.59 | step_microstep: 0.68
[2024-12-09 12:30:38,903] [INFO] [logging.py:128:log_dist] [Rank 0] time (ms) | fwd: 3.94 | bwd: 6.77 | bwd_inner: 4.14 | bwd_allreduce: 2.58 | step: 0.69
[2024-12-09 12:30:38,939] [INFO] [logging.py:128:log_dist] [Rank 0] time (ms) | fwd_microstep: 4.08 | bwd_microstep: 6.70 | bwd_inner_microstep: 4.21 | bwd_allreduce_microstep: 2.46 | step_microstep: 0.68
[2024-12-09 12:30:38,939] [INFO] [logging.py:128:log_dist] [Rank 0] time (ms) | fwd: 4.06 | bwd: 6.69 | bwd_inner: 4.20 | bwd_allreduce: 2.46 | step: 0.69
[2024-12-09 12:30:38,974] [INFO] [logging.py:128:log_dist] [Rank 0] time (ms) | fwd_microstep: 3.97 | bwd_microstep: 6.64 | bwd_inner_microstep: 4.12 | bwd_allreduce_microstep: 2.48 | step_microstep: 0.69
[2024-12-09 12:30:38,974] [INFO] [logging.py:128:log_dist] [Rank 0] time (ms) | fwd: 3.93 | bwd: 6.63 | bwd_inner: 4.11 | bwd_allreduce: 2.48 | step: 0.70
[2024-12-09 12:30:39,010] [INFO] [logging.py:128:log_dist] [Rank 0] time (ms) | fwd_microstep: 3.99 | bwd_microstep: 6.92 | bwd_inner_microstep: 4.25 | bwd_allreduce_microstep: 2.61 | step_microstep: 0.68
[2024-12-09 12:30:39,010] [INFO] [logging.py:128:log_dist] [Rank 0] time (ms) | fwd: 3.96 | bwd: 6.91 | bwd_inner: 4.26 | bwd_allreduce: 2.60 | step: 0.69
[2024-12-09 12:30:39,045] [INFO] [logging.py:128:log_dist] [Rank 0] time (ms) | fwd_microstep: 3.95 | bwd_microstep: 6.70 | bwd_inner_microstep: 4.19 | bwd_allreduce_microstep: 2.47 | step_microstep: 0.68
[2024-12-09 12:30:39,045] [INFO] [logging.py:128:log_dist] [Rank 0] time (ms) | fwd: 3.93 | bwd: 6.69 | bwd_inner: 4.18 | bwd_allreduce: 2.47 | step: 0.69
[2024-12-09 12:30:39,081] [INFO] [logging.py:128:log_dist] [Rank 0] time (ms) | fwd_microstep: 4.01 | bwd_microstep: 6.91 | bwd_inner_microstep: 4.25 | bwd_allreduce_microstep: 2.62 | step_microstep: 0.69
[2024-12-09 12:30:39,081] [INFO] [logging.py:128:log_dist] [Rank 0] time (ms) | fwd: 3.99 | bwd: 6.90 | bwd_inner: 4.24 | bwd_allreduce: 2.62 | step: 0.70
[2024-12-09 12:30:39,117] [INFO] [logging.py:128:log_dist] [Rank 0] time (ms) | fwd_microstep: 4.00 | bwd_microstep: 6.75 | bwd_inner_microstep: 4.17 | bwd_allreduce_microstep: 2.53 | step_microstep: 0.68
[2024-12-09 12:30:39,117] [INFO] [logging.py:128:log_dist] [Rank 0] time (ms) | fwd: 3.99 | bwd: 6.74 | bwd_inner: 4.16 | bwd_allreduce: 2.53 | step: 0.69
[2024-12-09 12:30:39,153] [INFO] [logging.py:128:log_dist] [Rank 0] time (ms) | fwd_microstep: 4.15 | bwd_microstep: 6.81 | bwd_inner_microstep: 4.16 | bwd_allreduce_microstep: 2.59 | step_microstep: 0.68
[2024-12-09 12:30:39,153] [INFO] [logging.py:128:log_dist] [Rank 0] time (ms) | fwd: 4.14 | bwd: 6.80 | bwd_inner: 4.17 | bwd_allreduce: 2.58 | step: 0.69
[2024-12-09 12:30:39,189] [INFO] [logging.py:128:log_dist] [Rank 0] time (ms) | fwd_microstep: 3.98 | bwd_microstep: 6.83 | bwd_inner_microstep: 4.18 | bwd_allreduce_microstep: 2.57 | step_microstep: 0.67
[2024-12-09 12:30:39,189] [INFO] [logging.py:128:log_dist] [Rank 0] time (ms) | fwd: 3.96 | bwd: 6.82 | bwd_inner: 4.19 | bwd_allreduce: 2.57 | step: 0.69
[2024-12-09 12:30:39,225] [INFO] [logging.py:128:log_dist] [Rank 0] time (ms) | fwd_microstep: 3.95 | bwd_microstep: 6.83 | bwd_inner_microstep: 4.26 | bwd_allreduce_microstep: 2.53 | step_microstep: 0.68
[2024-12-09 12:30:39,225] [INFO] [logging.py:128:log_dist] [Rank 0] time (ms) | fwd: 3.93 | bwd: 6.82 | bwd_inner: 4.25 | bwd_allreduce: 2.53 | step: 0.69
[2024-12-09 12:30:39,261] [INFO] [logging.py:128:log_dist] [Rank 0] time (ms) | fwd_microstep: 3.82 | bwd_microstep: 6.77 | bwd_inner_microstep: 4.22 | bwd_allreduce_microstep: 2.51 | step_microstep: 0.68
[2024-12-09 12:30:39,261] [INFO] [logging.py:128:log_dist] [Rank 0] time (ms) | fwd: 3.81 | bwd: 6.76 | bwd_inner: 4.21 | bwd_allreduce: 2.51 | step: 0.69
[2024-12-09 12:30:39,296] [INFO] [logging.py:128:log_dist] [Rank 0] time (ms) | fwd_microstep: 3.98 | bwd_microstep: 6.80 | bwd_inner_microstep: 4.16 | bwd_allreduce_microstep: 2.60 | step_microstep: 0.67
[2024-12-09 12:30:39,297] [INFO] [logging.py:128:log_dist] [Rank 0] time (ms) | fwd: 3.96 | bwd: 6.79 | bwd_inner: 4.15 | bwd_allreduce: 2.60 | step: 0.69
[2024-12-09 12:30:39,333] [INFO] [logging.py:128:log_dist] [Rank 0] time (ms) | fwd_microstep: 4.08 | bwd_microstep: 6.80 | bwd_inner_microstep: 4.17 | bwd_allreduce_microstep: 2.57 | step_microstep: 0.68
[2024-12-09 12:30:39,333] [INFO] [logging.py:128:log_dist] [Rank 0] time (ms) | fwd: 4.06 | bwd: 6.79 | bwd_inner: 4.17 | bwd_allreduce: 2.56 | step: 0.70
[2024-12-09 12:30:39,369] [INFO] [logging.py:128:log_dist] [Rank 0] time (ms) | fwd_microstep: 4.09 | bwd_microstep: 6.66 | bwd_inner_microstep: 4.11 | bwd_allreduce_microstep: 2.50 | step_microstep: 0.69
[2024-12-09 12:30:39,369] [INFO] [logging.py:128:log_dist] [Rank 0] time (ms) | fwd: 4.07 | bwd: 6.65 | bwd_inner: 4.11 | bwd_allreduce: 2.50 | step: 0.71
[2024-12-09 12:30:39,405] [INFO] [logging.py:128:log_dist] [Rank 0] time (ms) | fwd_microstep: 3.95 | bwd_microstep: 6.81 | bwd_inner_microstep: 4.23 | bwd_allreduce_microstep: 2.53 | step_microstep: 0.68
[2024-12-09 12:30:39,405] [INFO] [logging.py:128:log_dist] [Rank 0] time (ms) | fwd: 3.94 | bwd: 6.79 | bwd_inner: 4.22 | bwd_allreduce: 2.53 | step: 0.69
[2024-12-09 12:30:39,441] [INFO] [logging.py:128:log_dist] [Rank 0] time (ms) | fwd_microstep: 3.90 | bwd_microstep: 6.90 | bwd_inner_microstep: 4.22 | bwd_allreduce_microstep: 2.64 | step_microstep: 0.70
[2024-12-09 12:30:39,441] [INFO] [logging.py:128:log_dist] [Rank 0] time (ms) | fwd: 3.89 | bwd: 6.89 | bwd_inner: 4.21 | bwd_allreduce: 2.63 | step: 0.71
[2024-12-09 12:30:39,476] [INFO] [logging.py:128:log_dist] [Rank 0] time (ms) | fwd_microstep: 3.90 | bwd_microstep: 6.76 | bwd_inner_microstep: 4.15 | bwd_allreduce_microstep: 2.58 | step_microstep: 0.68
[2024-12-09 12:30:39,477] [INFO] [logging.py:128:log_dist] [Rank 0] time (ms) | fwd: 3.89 | bwd: 6.75 | bwd_inner: 4.14 | bwd_allreduce: 2.58 | step: 0.69
[2024-12-09 12:30:39,513] [INFO] [logging.py:128:log_dist] [Rank 0] time (ms) | fwd_microstep: 3.97 | bwd_microstep: 6.92 | bwd_inner_microstep: 4.25 | bwd_allreduce_microstep: 2.61 | step_microstep: 0.68
[2024-12-09 12:30:39,513] [INFO] [logging.py:128:log_dist] [Rank 0] time (ms) | fwd: 3.96 | bwd: 6.91 | bwd_inner: 4.25 | bwd_allreduce: 2.61 | step: 0.69
[2024-12-09 12:30:39,549] [INFO] [logging.py:128:log_dist] [Rank 0] time (ms) | fwd_microstep: 4.07 | bwd_microstep: 7.13 | bwd_inner_microstep: 4.18 | bwd_allreduce_microstep: 2.91 | step_microstep: 0.68
[2024-12-09 12:30:39,549] [INFO] [logging.py:128:log_dist] [Rank 0] time (ms) | fwd: 4.06 | bwd: 7.12 | bwd_inner: 4.17 | bwd_allreduce: 2.90 | step: 0.70
[2024-12-09 12:30:39,585] [INFO] [logging.py:128:log_dist] [Rank 0] time (ms) | fwd_microstep: 3.93 | bwd_microstep: 6.84 | bwd_inner_microstep: 4.24 | bwd_allreduce_microstep: 2.56 | step_microstep: 0.70
[2024-12-09 12:30:39,585] [INFO] [logging.py:128:log_dist] [Rank 0] time (ms) | fwd: 3.92 | bwd: 6.83 | bwd_inner: 4.23 | bwd_allreduce: 2.56 | step: 0.71
[2024-12-09 12:30:39,620] [INFO] [logging.py:128:log_dist] [Rank 0] time (ms) | fwd_microstep: 3.92 | bwd_microstep: 6.79 | bwd_inner_microstep: 4.17 | bwd_allreduce_microstep: 2.58 | step_microstep: 0.67
[2024-12-09 12:30:39,621] [INFO] [logging.py:128:log_dist] [Rank 0] time (ms) | fwd: 3.90 | bwd: 6.78 | bwd_inner: 4.16 | bwd_allreduce: 2.58 | step: 0.69
[2024-12-09 12:30:39,656] [INFO] [logging.py:128:log_dist] [Rank 0] time (ms) | fwd_microstep: 4.01 | bwd_microstep: 6.59 | bwd_inner_microstep: 4.18 | bwd_allreduce_microstep: 2.37 | step_microstep: 0.68
[2024-12-09 12:30:39,656] [INFO] [logging.py:128:log_dist] [Rank 0] time (ms) | fwd: 4.00 | bwd: 6.58 | bwd_inner: 4.17 | bwd_allreduce: 2.37 | step: 0.69
[2024-12-09 12:30:39,692] [INFO] [logging.py:128:log_dist] [Rank 0] time (ms) | fwd_microstep: 4.07 | bwd_microstep: 7.18 | bwd_inner_microstep: 4.25 | bwd_allreduce_microstep: 2.87 | step_microstep: 0.68
[2024-12-09 12:30:39,692] [INFO] [logging.py:128:log_dist] [Rank 0] time (ms) | fwd: 4.05 | bwd: 7.17 | bwd_inner: 4.24 | bwd_allreduce: 2.87 | step: 0.69
[2024-12-09 12:30:39,728] [INFO] [logging.py:128:log_dist] [Rank 0] time (ms) | fwd_microstep: 4.08 | bwd_microstep: 6.74 | bwd_inner_microstep: 4.18 | bwd_allreduce_microstep: 2.50 | step_microstep: 0.68
[2024-12-09 12:30:39,728] [INFO] [logging.py:128:log_dist] [Rank 0] time (ms) | fwd: 4.07 | bwd: 6.73 | bwd_inner: 4.17 | bwd_allreduce: 2.50 | step: 0.70
[2024-12-09 12:30:39,764] [INFO] [logging.py:128:log_dist] [Rank 0] time (ms) | fwd_microstep: 4.21 | bwd_microstep: 6.77 | bwd_inner_microstep: 4.15 | bwd_allreduce_microstep: 2.58 | step_microstep: 0.68
[2024-12-09 12:30:39,764] [INFO] [logging.py:128:log_dist] [Rank 0] time (ms) | fwd: 4.20 | bwd: 6.76 | bwd_inner: 4.14 | bwd_allreduce: 2.58 | step: 0.69
[2024-12-09 12:30:39,800] [INFO] [logging.py:128:log_dist] [Rank 0] time (ms) | fwd_microstep: 3.97 | bwd_microstep: 6.90 | bwd_inner_microstep: 4.19 | bwd_allreduce_microstep: 2.63 | step_microstep: 0.67
[2024-12-09 12:30:39,800] [INFO] [logging.py:128:log_dist] [Rank 0] time (ms) | fwd: 3.96 | bwd: 6.89 | bwd_inner: 4.19 | bwd_allreduce: 2.63 | step: 0.69
[2024-12-09 12:30:39,835] [INFO] [logging.py:128:log_dist] [Rank 0] time (ms) | fwd_microstep: 4.00 | bwd_microstep: 7.10 | bwd_inner_microstep: 4.17 | bwd_allreduce_microstep: 2.89 | step_microstep: 0.68
[2024-12-09 12:30:39,836] [INFO] [logging.py:128:log_dist] [Rank 0] time (ms) | fwd: 3.99 | bwd: 7.09 | bwd_inner: 4.16 | bwd_allreduce: 2.89 | step: 0.70
[2024-12-09 12:30:39,872] [INFO] [logging.py:128:log_dist] [Rank 0] time (ms) | fwd_microstep: 3.99 | bwd_microstep: 6.97 | bwd_inner_microstep: 4.14 | bwd_allreduce_microstep: 2.79 | step_microstep: 0.68
[2024-12-09 12:30:39,872] [INFO] [logging.py:128:log_dist] [Rank 0] time (ms) | fwd: 3.98 | bwd: 6.96 | bwd_inner: 4.14 | bwd_allreduce: 2.79 | step: 0.69
[2024-12-09 12:30:39,908] [INFO] [logging.py:128:log_dist] [Rank 0] time (ms) | fwd_microstep: 4.06 | bwd_microstep: 6.81 | bwd_inner_microstep: 4.18 | bwd_allreduce_microstep: 2.59 | step_microstep: 0.69
[2024-12-09 12:30:39,908] [INFO] [logging.py:128:log_dist] [Rank 0] time (ms) | fwd: 4.04 | bwd: 6.80 | bwd_inner: 4.17 | bwd_allreduce: 2.59 | step: 0.72
[2024-12-09 12:30:39,942] [INFO] [logging.py:128:log_dist] [Rank 0] time (ms) | fwd_microstep: 3.89 | bwd_microstep: 6.81 | bwd_inner_microstep: 4.17 | bwd_allreduce_microstep: 2.60 | step_microstep: 0.68
[2024-12-09 12:30:39,942] [INFO] [logging.py:128:log_dist] [Rank 0] time (ms) | fwd: 3.87 | bwd: 6.81 | bwd_inner: 4.17 | bwd_allreduce: 2.60 | step: 0.69
[2024-12-09 12:30:39,977] [INFO] [logging.py:128:log_dist] [Rank 0] time (ms) | fwd_microstep: 4.03 | bwd_microstep: 6.57 | bwd_inner_microstep: 4.17 | bwd_allreduce_microstep: 2.36 | step_microstep: 0.68
[2024-12-09 12:30:39,977] [INFO] [logging.py:128:log_dist] [Rank 0] time (ms) | fwd: 4.02 | bwd: 6.56 | bwd_inner: 4.16 | bwd_allreduce: 2.36 | step: 0.69
[2024-12-09 12:30:40,013] [INFO] [logging.py:128:log_dist] [Rank 0] time (ms) | fwd_microstep: 4.00 | bwd_microstep: 7.02 | bwd_inner_microstep: 4.33 | bwd_allreduce_microstep: 2.60 | step_microstep: 0.67
[2024-12-09 12:30:40,013] [INFO] [logging.py:128:log_dist] [Rank 0] time (ms) | fwd: 3.98 | bwd: 7.01 | bwd_inner: 4.36 | bwd_allreduce: 2.59 | step: 0.69
[2024-12-09 12:30:40,049] [INFO] [logging.py:128:log_dist] [Rank 0] time (ms) | fwd_microstep: 4.05 | bwd_microstep: 6.95 | bwd_inner_microstep: 4.24 | bwd_allreduce_microstep: 2.64 | step_microstep: 0.68
[2024-12-09 12:30:40,049] [INFO] [logging.py:128:log_dist] [Rank 0] time (ms) | fwd: 4.03 | bwd: 6.94 | bwd_inner: 4.25 | bwd_allreduce: 2.63 | step: 0.70
[2024-12-09 12:30:40,084] [INFO] [logging.py:128:log_dist] [Rank 0] time (ms) | fwd_microstep: 3.93 | bwd_microstep: 6.95 | bwd_inner_microstep: 4.28 | bwd_allreduce_microstep: 2.60 | step_microstep: 0.67
[2024-12-09 12:30:40,085] [INFO] [logging.py:128:log_dist] [Rank 0] time (ms) | fwd: 3.91 | bwd: 6.94 | bwd_inner: 4.29 | bwd_allreduce: 2.58 | step: 0.69
[2024-12-09 12:30:40,120] [INFO] [logging.py:128:log_dist] [Rank 0] time (ms) | fwd_microstep: 3.96 | bwd_microstep: 6.69 | bwd_inner_microstep: 4.19 | bwd_allreduce_microstep: 2.46 | step_microstep: 0.67
[2024-12-09 12:30:40,120] [INFO] [logging.py:128:log_dist] [Rank 0] time (ms) | fwd: 3.95 | bwd: 6.68 | bwd_inner: 4.18 | bwd_allreduce: 2.46 | step: 0.69
[2024-12-09 12:30:40,154] [INFO] [logging.py:128:log_dist] [Rank 0] time (ms) | fwd_microstep: 3.89 | bwd_microstep: 6.88 | bwd_inner_microstep: 4.21 | bwd_allreduce_microstep: 2.59 | step_microstep: 0.68
[2024-12-09 12:30:40,155] [INFO] [logging.py:128:log_dist] [Rank 0] time (ms) | fwd: 3.87 | bwd: 6.86 | bwd_inner: 4.22 | bwd_allreduce: 2.58 | step: 0.69
[2024-12-09 12:30:40,190] [INFO] [logging.py:128:log_dist] [Rank 0] time (ms) | fwd_microstep: 3.98 | bwd_microstep: 6.85 | bwd_inner_microstep: 4.24 | bwd_allreduce_microstep: 2.57 | step_microstep: 0.67
[2024-12-09 12:30:40,190] [INFO] [logging.py:128:log_dist] [Rank 0] time (ms) | fwd: 3.97 | bwd: 6.84 | bwd_inner: 4.21 | bwd_allreduce: 2.57 | step: 0.69
[2024-12-09 12:30:40,226] [INFO] [logging.py:128:log_dist] [Rank 0] time (ms) | fwd_microstep: 4.05 | bwd_microstep: 6.88 | bwd_inner_microstep: 4.26 | bwd_allreduce_microstep: 2.57 | step_microstep: 0.69
[2024-12-09 12:30:40,226] [INFO] [logging.py:128:log_dist] [Rank 0] time (ms) | fwd: 4.06 | bwd: 6.87 | bwd_inner: 4.26 | bwd_allreduce: 2.57 | step: 0.70
[2024-12-09 12:30:40,261] [INFO] [logging.py:128:log_dist] [Rank 0] time (ms) | fwd_microstep: 3.79 | bwd_microstep: 6.69 | bwd_inner_microstep: 4.12 | bwd_allreduce_microstep: 2.52 | step_microstep: 0.68
[2024-12-09 12:30:40,262] [INFO] [logging.py:128:log_dist] [Rank 0] time (ms) | fwd: 3.77 | bwd: 6.68 | bwd_inner: 4.11 | bwd_allreduce: 2.52 | step: 0.69
[2024-12-09 12:30:40,297] [INFO] [logging.py:128:log_dist] [Rank 0] time (ms) | fwd_microstep: 4.06 | bwd_microstep: 6.70 | bwd_inner_microstep: 4.19 | bwd_allreduce_microstep: 2.47 | step_microstep: 0.68
[2024-12-09 12:30:40,298] [INFO] [logging.py:128:log_dist] [Rank 0] time (ms) | fwd: 4.05 | bwd: 6.69 | bwd_inner: 4.18 | bwd_allreduce: 2.47 | step: 0.69
[2024-12-09 12:30:40,334] [INFO] [logging.py:128:log_dist] [Rank 0] time (ms) | fwd_microstep: 4.11 | bwd_microstep: 6.99 | bwd_inner_microstep: 4.28 | bwd_allreduce_microstep: 2.64 | step_microstep: 0.68
[2024-12-09 12:30:40,334] [INFO] [logging.py:128:log_dist] [Rank 0] time (ms) | fwd: 4.09 | bwd: 6.97 | bwd_inner: 4.29 | bwd_allreduce: 2.63 | step: 0.69
[2024-12-09 12:30:40,370] [INFO] [logging.py:128:log_dist] [Rank 0] time (ms) | fwd_microstep: 4.01 | bwd_microstep: 6.82 | bwd_inner_microstep: 4.25 | bwd_allreduce_microstep: 2.53 | step_microstep: 0.68
[2024-12-09 12:30:40,370] [INFO] [logging.py:128:log_dist] [Rank 0] time (ms) | fwd: 3.99 | bwd: 6.81 | bwd_inner: 4.23 | bwd_allreduce: 2.53 | step: 0.69
[2024-12-09 12:30:40,406] [INFO] [logging.py:128:log_dist] [Rank 0] time (ms) | fwd_microstep: 4.04 | bwd_microstep: 6.99 | bwd_inner_microstep: 4.28 | bwd_allreduce_microstep: 2.61 | step_microstep: 0.68
[2024-12-09 12:30:40,406] [INFO] [logging.py:128:log_dist] [Rank 0] time (ms) | fwd: 4.02 | bwd: 6.99 | bwd_inner: 4.29 | bwd_allreduce: 2.60 | step: 0.69
[2024-12-09 12:30:40,441] [INFO] [logging.py:128:log_dist] [Rank 0] time (ms) | fwd_microstep: 3.91 | bwd_microstep: 6.67 | bwd_inner_microstep: 4.21 | bwd_allreduce_microstep: 2.44 | step_microstep: 0.67
[2024-12-09 12:30:40,441] [INFO] [logging.py:128:log_dist] [Rank 0] time (ms) | fwd: 3.90 | bwd: 6.67 | bwd_inner: 4.21 | bwd_allreduce: 2.44 | step: 0.69
[2024-12-09 12:30:40,477] [INFO] [logging.py:128:log_dist] [Rank 0] time (ms) | fwd_microstep: 4.00 | bwd_microstep: 6.81 | bwd_inner_microstep: 4.31 | bwd_allreduce_microstep: 2.46 | step_microstep: 0.68
[2024-12-09 12:30:40,477] [INFO] [logging.py:128:log_dist] [Rank 0] time (ms) | fwd: 3.99 | bwd: 6.80 | bwd_inner: 4.30 | bwd_allreduce: 2.46 | step: 0.70
[2024-12-09 12:30:40,512] [INFO] [logging.py:128:log_dist] [Rank 0] time (ms) | fwd_microstep: 4.04 | bwd_microstep: 6.73 | bwd_inner_microstep: 4.18 | bwd_allreduce_microstep: 2.50 | step_microstep: 0.68
[2024-12-09 12:30:40,512] [INFO] [logging.py:128:log_dist] [Rank 0] time (ms) | fwd: 4.03 | bwd: 6.72 | bwd_inner: 4.18 | bwd_allreduce: 2.50 | step: 0.69
[2024-12-09 12:30:40,547] [INFO] [logging.py:128:log_dist] [Rank 0] time (ms) | fwd_microstep: 4.04 | bwd_microstep: 6.68 | bwd_inner_microstep: 4.17 | bwd_allreduce_microstep: 2.46 | step_microstep: 0.67
[2024-12-09 12:30:40,548] [INFO] [logging.py:128:log_dist] [Rank 0] time (ms) | fwd: 4.01 | bwd: 6.67 | bwd_inner: 4.17 | bwd_allreduce: 2.46 | step: 0.69
[2024-12-09 12:30:40,582] [INFO] [logging.py:128:log_dist] [Rank 0] time (ms) | fwd_microstep: 3.85 | bwd_microstep: 6.59 | bwd_inner_microstep: 4.13 | bwd_allreduce_microstep: 2.43 | step_microstep: 0.68
[2024-12-09 12:30:40,582] [INFO] [logging.py:128:log_dist] [Rank 0] time (ms) | fwd: 3.83 | bwd: 6.58 | bwd_inner: 4.12 | bwd_allreduce: 2.43 | step: 0.70
[2024-12-09 12:30:40,617] [INFO] [logging.py:128:log_dist] [Rank 0] time (ms) | fwd_microstep: 4.02 | bwd_microstep: 6.84 | bwd_inner_microstep: 4.15 | bwd_allreduce_microstep: 2.65 | step_microstep: 0.67
[2024-12-09 12:30:40,617] [INFO] [logging.py:128:log_dist] [Rank 0] time (ms) | fwd: 4.00 | bwd: 6.83 | bwd_inner: 4.15 | bwd_allreduce: 2.65 | step: 0.69
[2024-12-09 12:30:40,653] [INFO] [logging.py:128:log_dist] [Rank 0] time (ms) | fwd_microstep: 3.96 | bwd_microstep: 6.76 | bwd_inner_microstep: 4.27 | bwd_allreduce_microstep: 2.45 | step_microstep: 0.68
[2024-12-09 12:30:40,653] [INFO] [logging.py:128:log_dist] [Rank 0] time (ms) | fwd: 3.94 | bwd: 6.75 | bwd_inner: 4.26 | bwd_allreduce: 2.45 | step: 0.70
[2024-12-09 12:30:40,688] [INFO] [logging.py:128:log_dist] [Rank 0] time (ms) | fwd_microstep: 4.07 | bwd_microstep: 6.73 | bwd_inner_microstep: 4.19 | bwd_allreduce_microstep: 2.50 | step_microstep: 0.68
[2024-12-09 12:30:40,688] [INFO] [logging.py:128:log_dist] [Rank 0] time (ms) | fwd: 4.05 | bwd: 6.71 | bwd_inner: 4.18 | bwd_allreduce: 2.50 | step: 0.70
[2024-12-09 12:30:40,724] [INFO] [logging.py:128:log_dist] [Rank 0] time (ms) | fwd_microstep: 3.97 | bwd_microstep: 6.79 | bwd_inner_microstep: 4.26 | bwd_allreduce_microstep: 2.49 | step_microstep: 0.68
[2024-12-09 12:30:40,724] [INFO] [logging.py:128:log_dist] [Rank 0] time (ms) | fwd: 3.96 | bwd: 6.78 | bwd_inner: 4.25 | bwd_allreduce: 2.49 | step: 0.69
[2024-12-09 12:30:40,760] [INFO] [logging.py:128:log_dist] [Rank 0] time (ms) | fwd_microstep: 4.02 | bwd_microstep: 6.77 | bwd_inner_microstep: 4.20 | bwd_allreduce_microstep: 2.54 | step_microstep: 0.68
[2024-12-09 12:30:40,760] [INFO] [logging.py:128:log_dist] [Rank 0] time (ms) | fwd: 4.01 | bwd: 6.76 | bwd_inner: 4.19 | bwd_allreduce: 2.54 | step: 0.71
[2024-12-09 12:30:40,795] [INFO] [logging.py:128:log_dist] [Rank 0] time (ms) | fwd_microstep: 3.94 | bwd_microstep: 6.65 | bwd_inner_microstep: 4.24 | bwd_allreduce_microstep: 2.37 | step_microstep: 0.67
[2024-12-09 12:30:40,796] [INFO] [logging.py:128:log_dist] [Rank 0] time (ms) | fwd: 3.93 | bwd: 6.63 | bwd_inner: 4.23 | bwd_allreduce: 2.37 | step: 0.69
[2024-12-09 12:30:40,831] [INFO] [logging.py:128:log_dist] [Rank 0] time (ms) | fwd_microstep: 3.99 | bwd_microstep: 6.74 | bwd_inner_microstep: 4.18 | bwd_allreduce_microstep: 2.52 | step_microstep: 0.68
[2024-12-09 12:30:40,831] [INFO] [logging.py:128:log_dist] [Rank 0] time (ms) | fwd: 3.98 | bwd: 6.73 | bwd_inner: 4.17 | bwd_allreduce: 2.52 | step: 0.70
[2024-12-09 12:30:40,866] [INFO] [logging.py:128:log_dist] [Rank 0] time (ms) | fwd_microstep: 3.86 | bwd_microstep: 6.59 | bwd_inner_microstep: 4.14 | bwd_allreduce_microstep: 2.41 | step_microstep: 0.68
[2024-12-09 12:30:40,866] [INFO] [logging.py:128:log_dist] [Rank 0] time (ms) | fwd: 3.86 | bwd: 6.58 | bwd_inner: 4.14 | bwd_allreduce: 2.41 | step: 0.70
[2024-12-09 12:30:40,901] [INFO] [logging.py:128:log_dist] [Rank 0] time (ms) | fwd_microstep: 3.96 | bwd_microstep: 6.57 | bwd_inner_microstep: 4.17 | bwd_allreduce_microstep: 2.37 | step_microstep: 0.68
[2024-12-09 12:30:40,901] [INFO] [logging.py:128:log_dist] [Rank 0] time (ms) | fwd: 3.95 | bwd: 6.56 | bwd_inner: 4.16 | bwd_allreduce: 2.37 | step: 0.69
[2024-12-09 12:30:40,936] [INFO] [logging.py:128:log_dist] [Rank 0] time (ms) | fwd_microstep: 3.85 | bwd_microstep: 6.54 | bwd_inner_microstep: 4.15 | bwd_allreduce_microstep: 2.35 | step_microstep: 0.68
[2024-12-09 12:30:40,936] [INFO] [logging.py:128:log_dist] [Rank 0] time (ms) | fwd: 3.84 | bwd: 6.53 | bwd_inner: 4.14 | bwd_allreduce: 2.35 | step: 0.69
[2024-12-09 12:30:40,971] [INFO] [logging.py:128:log_dist] [Rank 0] time (ms) | fwd_microstep: 3.86 | bwd_microstep: 6.42 | bwd_inner_microstep: 4.21 | bwd_allreduce_microstep: 2.18 | step_microstep: 0.69
[2024-12-09 12:30:40,971] [INFO] [logging.py:128:log_dist] [Rank 0] time (ms) | fwd: 3.85 | bwd: 6.41 | bwd_inner: 4.20 | bwd_allreduce: 2.18 | step: 0.71
[2024-12-09 12:30:41,005] [INFO] [logging.py:128:log_dist] [Rank 0] time (ms) | fwd_microstep: 3.88 | bwd_microstep: 6.59 | bwd_inner_microstep: 4.18 | bwd_allreduce_microstep: 2.37 | step_microstep: 0.69
[2024-12-09 12:30:41,005] [INFO] [logging.py:128:log_dist] [Rank 0] time (ms) | fwd: 3.87 | bwd: 6.58 | bwd_inner: 4.17 | bwd_allreduce: 2.37 | step: 0.70
[2024-12-09 12:30:41,040] [INFO] [logging.py:128:log_dist] [Rank 0] time (ms) | fwd_microstep: 4.00 | bwd_microstep: 6.72 | bwd_inner_microstep: 4.15 | bwd_allreduce_microstep: 2.53 | step_microstep: 0.68
[2024-12-09 12:30:41,040] [INFO] [logging.py:128:log_dist] [Rank 0] time (ms) | fwd: 3.99 | bwd: 6.71 | bwd_inner: 4.14 | bwd_allreduce: 2.53 | step: 0.69
[2024-12-09 12:30:41,076] [INFO] [logging.py:128:log_dist] [Rank 0] time (ms) | fwd_microstep: 3.85 | bwd_microstep: 6.67 | bwd_inner_microstep: 4.23 | bwd_allreduce_microstep: 2.40 | step_microstep: 0.69
[2024-12-09 12:30:41,076] [INFO] [logging.py:128:log_dist] [Rank 0] time (ms) | fwd: 3.83 | bwd: 6.66 | bwd_inner: 4.23 | bwd_allreduce: 2.40 | step: 0.70
[2024-12-09 12:30:41,111] [INFO] [logging.py:128:log_dist] [Rank 0] time (ms) | fwd_microstep: 3.87 | bwd_microstep: 6.65 | bwd_inner_microstep: 4.15 | bwd_allreduce_microstep: 2.45 | step_microstep: 0.67
[2024-12-09 12:30:41,111] [INFO] [logging.py:128:log_dist] [Rank 0] time (ms) | fwd: 3.85 | bwd: 6.64 | bwd_inner: 4.14 | bwd_allreduce: 2.45 | step: 0.69
[2024-12-09 12:30:41,145] [INFO] [logging.py:128:log_dist] [Rank 0] time (ms) | fwd_microstep: 3.97 | bwd_microstep: 6.66 | bwd_inner_microstep: 4.21 | bwd_allreduce_microstep: 2.41 | step_microstep: 0.67
[2024-12-09 12:30:41,146] [INFO] [logging.py:128:log_dist] [Rank 0] time (ms) | fwd: 3.95 | bwd: 6.65 | bwd_inner: 4.20 | bwd_allreduce: 2.41 | step: 0.69
[2024-12-09 12:30:41,180] [INFO] [logging.py:128:log_dist] [Rank 0] time (ms) | fwd_microstep: 3.86 | bwd_microstep: 6.69 | bwd_inner_microstep: 4.13 | bwd_allreduce_microstep: 2.52 | step_microstep: 0.68
[2024-12-09 12:30:41,181] [INFO] [logging.py:128:log_dist] [Rank 0] time (ms) | fwd: 3.84 | bwd: 6.68 | bwd_inner: 4.12 | bwd_allreduce: 2.52 | step: 0.69
[2024-12-09 12:30:41,216] [INFO] [logging.py:128:log_dist] [Rank 0] time (ms) | fwd_microstep: 3.94 | bwd_microstep: 6.72 | bwd_inner_microstep: 4.22 | bwd_allreduce_microstep: 2.46 | step_microstep: 0.68
[2024-12-09 12:30:41,216] [INFO] [logging.py:128:log_dist] [Rank 0] time (ms) | fwd: 3.92 | bwd: 6.71 | bwd_inner: 4.21 | bwd_allreduce: 2.46 | step: 0.69
[2024-12-09 12:30:41,251] [INFO] [logging.py:128:log_dist] [Rank 0] time (ms) | fwd_microstep: 3.95 | bwd_microstep: 6.77 | bwd_inner_microstep: 4.15 | bwd_allreduce_microstep: 2.58 | step_microstep: 0.68
[2024-12-09 12:30:41,252] [INFO] [logging.py:128:log_dist] [Rank 0] time (ms) | fwd: 3.94 | bwd: 6.76 | bwd_inner: 4.14 | bwd_allreduce: 2.58 | step: 0.69
[2024-12-09 12:30:41,287] [INFO] [logging.py:128:log_dist] [Rank 0] time (ms) | fwd_microstep: 3.87 | bwd_microstep: 6.66 | bwd_inner_microstep: 4.24 | bwd_allreduce_microstep: 2.38 | step_microstep: 0.67
[2024-12-09 12:30:41,287] [INFO] [logging.py:128:log_dist] [Rank 0] time (ms) | fwd: 3.85 | bwd: 6.65 | bwd_inner: 4.23 | bwd_allreduce: 2.38 | step: 0.69
[2024-12-09 12:30:41,323] [INFO] [logging.py:128:log_dist] [Rank 0] time (ms) | fwd_microstep: 4.54 | bwd_microstep: 6.89 | bwd_inner_microstep: 4.26 | bwd_allreduce_microstep: 2.59 | step_microstep: 0.68
[2024-12-09 12:30:41,323] [INFO] [logging.py:128:log_dist] [Rank 0] time (ms) | fwd: 4.54 | bwd: 6.88 | bwd_inner: 4.25 | bwd_allreduce: 2.59 | step: 0.70
[2024-12-09 12:30:41,358] [INFO] [logging.py:128:log_dist] [Rank 0] time (ms) | fwd_microstep: 4.24 | bwd_microstep: 6.54 | bwd_inner_microstep: 4.19 | bwd_allreduce_microstep: 2.32 | step_microstep: 0.68
[2024-12-09 12:30:41,359] [INFO] [logging.py:128:log_dist] [Rank 0] time (ms) | fwd: 4.23 | bwd: 6.53 | bwd_inner: 4.18 | bwd_allreduce: 2.32 | step: 0.70
[2024-12-09 12:30:41,394] [INFO] [logging.py:128:log_dist] [Rank 0] time (ms) | fwd_microstep: 3.86 | bwd_microstep: 6.66 | bwd_inner_microstep: 4.20 | bwd_allreduce_microstep: 2.42 | step_microstep: 0.67
[2024-12-09 12:30:41,394] [INFO] [logging.py:128:log_dist] [Rank 0] time (ms) | fwd: 3.85 | bwd: 6.65 | bwd_inner: 4.20 | bwd_allreduce: 2.42 | step: 0.69
[2024-12-09 12:30:41,429] [INFO] [logging.py:128:log_dist] [Rank 0] time (ms) | fwd_microstep: 4.04 | bwd_microstep: 6.58 | bwd_inner_microstep: 4.16 | bwd_allreduce_microstep: 2.39 | step_microstep: 0.68
[2024-12-09 12:30:41,429] [INFO] [logging.py:128:log_dist] [Rank 0] time (ms) | fwd: 4.03 | bwd: 6.57 | bwd_inner: 4.15 | bwd_allreduce: 2.39 | step: 0.69
[2024-12-09 12:30:41,464] [INFO] [logging.py:128:log_dist] [Rank 0] time (ms) | fwd_microstep: 3.93 | bwd_microstep: 6.62 | bwd_inner_microstep: 4.14 | bwd_allreduce_microstep: 2.43 | step_microstep: 0.68
[2024-12-09 12:30:41,464] [INFO] [logging.py:128:log_dist] [Rank 0] time (ms) | fwd: 3.92 | bwd: 6.61 | bwd_inner: 4.14 | bwd_allreduce: 2.43 | step: 0.69
[2024-12-09 12:30:41,500] [INFO] [logging.py:128:log_dist] [Rank 0] time (ms) | fwd_microstep: 3.96 | bwd_microstep: 6.64 | bwd_inner_microstep: 4.12 | bwd_allreduce_microstep: 2.47 | step_microstep: 0.68
[2024-12-09 12:30:41,500] [INFO] [logging.py:128:log_dist] [Rank 0] time (ms) | fwd: 3.95 | bwd: 6.62 | bwd_inner: 4.11 | bwd_allreduce: 2.47 | step: 0.70
[2024-12-09 12:30:41,536] [INFO] [logging.py:128:log_dist] [Rank 0] time (ms) | fwd_microstep: 3.94 | bwd_microstep: 7.07 | bwd_inner_microstep: 4.19 | bwd_allreduce_microstep: 2.84 | step_microstep: 0.68
[2024-12-09 12:30:41,536] [INFO] [logging.py:128:log_dist] [Rank 0] time (ms) | fwd: 3.93 | bwd: 7.06 | bwd_inner: 4.18 | bwd_allreduce: 2.84 | step: 0.70
[2024-12-09 12:30:41,572] [INFO] [logging.py:128:log_dist] [Rank 0] time (ms) | fwd_microstep: 4.03 | bwd_microstep: 6.82 | bwd_inner_microstep: 4.14 | bwd_allreduce_microstep: 2.63 | step_microstep: 0.67
[2024-12-09 12:30:41,572] [INFO] [logging.py:128:log_dist] [Rank 0] time (ms) | fwd: 4.01 | bwd: 6.81 | bwd_inner: 4.13 | bwd_allreduce: 2.63 | step: 0.69
[2024-12-09 12:30:41,608] [INFO] [logging.py:128:log_dist] [Rank 0] time (ms) | fwd_microstep: 4.07 | bwd_microstep: 6.84 | bwd_inner_microstep: 4.23 | bwd_allreduce_microstep: 2.57 | step_microstep: 0.68
[2024-12-09 12:30:41,608] [INFO] [logging.py:128:log_dist] [Rank 0] time (ms) | fwd: 4.05 | bwd: 6.83 | bwd_inner: 4.22 | bwd_allreduce: 2.57 | step: 0.69
[2024-12-09 12:30:41,643] [INFO] [logging.py:128:log_dist] [Rank 0] time (ms) | fwd_microstep: 3.90 | bwd_microstep: 6.98 | bwd_inner_microstep: 4.16 | bwd_allreduce_microstep: 2.78 | step_microstep: 0.68
[2024-12-09 12:30:41,644] [INFO] [logging.py:128:log_dist] [Rank 0] time (ms) | fwd: 3.89 | bwd: 6.97 | bwd_inner: 4.15 | bwd_allreduce: 2.78 | step: 0.70
[2024-12-09 12:30:41,679] [INFO] [logging.py:128:log_dist] [Rank 0] time (ms) | fwd_microstep: 4.09 | bwd_microstep: 6.86 | bwd_inner_microstep: 4.19 | bwd_allreduce_microstep: 2.63 | step_microstep: 0.67
[2024-12-09 12:30:41,679] [INFO] [logging.py:128:log_dist] [Rank 0] time (ms) | fwd: 4.08 | bwd: 6.85 | bwd_inner: 4.19 | bwd_allreduce: 2.63 | step: 0.69
[2024-12-09 12:30:41,714] [INFO] [logging.py:128:log_dist] [Rank 0] time (ms) | fwd_microstep: 3.92 | bwd_microstep: 6.71 | bwd_inner_microstep: 4.25 | bwd_allreduce_microstep: 2.42 | step_microstep: 0.68
[2024-12-09 12:30:41,715] [INFO] [logging.py:128:log_dist] [Rank 0] time (ms) | fwd: 3.91 | bwd: 6.70 | bwd_inner: 4.24 | bwd_allreduce: 2.42 | step: 0.69
[2024-12-09 12:30:41,749] [INFO] [logging.py:128:log_dist] [Rank 0] time (ms) | fwd_microstep: 4.07 | bwd_microstep: 6.62 | bwd_inner_microstep: 4.20 | bwd_allreduce_microstep: 2.38 | step_microstep: 0.67
[2024-12-09 12:30:41,749] [INFO] [logging.py:128:log_dist] [Rank 0] time (ms) | fwd: 4.05 | bwd: 6.61 | bwd_inner: 4.19 | bwd_allreduce: 2.38 | step: 0.68
[2024-12-09 12:30:41,783] [INFO] [logging.py:128:log_dist] [Rank 0] time (ms) | fwd_microstep: 3.79 | bwd_microstep: 6.63 | bwd_inner_microstep: 4.16 | bwd_allreduce_microstep: 2.43 | step_microstep: 0.68
[2024-12-09 12:30:41,783] [INFO] [logging.py:128:log_dist] [Rank 0] time (ms) | fwd: 3.77 | bwd: 6.62 | bwd_inner: 4.15 | bwd_allreduce: 2.43 | step: 0.69
[2024-12-09 12:30:41,819] [INFO] [logging.py:128:log_dist] [Rank 0] time (ms) | fwd_microstep: 4.01 | bwd_microstep: 6.63 | bwd_inner_microstep: 4.18 | bwd_allreduce_microstep: 2.41 | step_microstep: 0.70
[2024-12-09 12:30:41,819] [INFO] [logging.py:128:log_dist] [Rank 0] time (ms) | fwd: 3.99 | bwd: 6.62 | bwd_inner: 4.17 | bwd_allreduce: 2.41 | step: 0.72
[2024-12-09 12:30:41,854] [INFO] [logging.py:128:log_dist] [Rank 0] time (ms) | fwd_microstep: 3.92 | bwd_microstep: 6.78 | bwd_inner_microstep: 4.23 | bwd_allreduce_microstep: 2.54 | step_microstep: 0.67
[2024-12-09 12:30:41,854] [INFO] [logging.py:128:log_dist] [Rank 0] time (ms) | fwd: 3.90 | bwd: 6.78 | bwd_inner: 4.22 | bwd_allreduce: 2.54 | step: 0.69
[2024-12-09 12:30:41,888] [INFO] [logging.py:128:log_dist] [Rank 0] time (ms) | fwd_microstep: 3.95 | bwd_microstep: 6.70 | bwd_inner_microstep: 4.15 | bwd_allreduce_microstep: 2.53 | step_microstep: 0.68
[2024-12-09 12:30:41,888] [INFO] [logging.py:128:log_dist] [Rank 0] time (ms) | fwd: 3.94 | bwd: 6.70 | bwd_inner: 4.15 | bwd_allreduce: 2.53 | step: 0.70
[2024-12-09 12:30:41,923] [INFO] [logging.py:128:log_dist] [Rank 0] time (ms) | fwd_microstep: 3.87 | bwd_microstep: 6.58 | bwd_inner_microstep: 4.16 | bwd_allreduce_microstep: 2.38 | step_microstep: 0.70
[2024-12-09 12:30:41,923] [INFO] [logging.py:128:log_dist] [Rank 0] time (ms) | fwd: 3.85 | bwd: 6.57 | bwd_inner: 4.15 | bwd_allreduce: 2.38 | step: 0.71
[2024-12-09 12:30:41,957] [INFO] [logging.py:128:log_dist] [Rank 0] time (ms) | fwd_microstep: 3.90 | bwd_microstep: 6.53 | bwd_inner_microstep: 4.16 | bwd_allreduce_microstep: 2.33 | step_microstep: 0.67
[2024-12-09 12:30:41,957] [INFO] [logging.py:128:log_dist] [Rank 0] time (ms) | fwd: 3.89 | bwd: 6.52 | bwd_inner: 4.15 | bwd_allreduce: 2.33 | step: 0.69
[2024-12-09 12:30:41,993] [INFO] [logging.py:128:log_dist] [Rank 0] time (ms) | fwd_microstep: 4.33 | bwd_microstep: 7.00 | bwd_inner_microstep: 4.30 | bwd_allreduce_microstep: 2.61 | step_microstep: 0.68
[2024-12-09 12:30:41,993] [INFO] [logging.py:128:log_dist] [Rank 0] time (ms) | fwd: 4.32 | bwd: 6.99 | bwd_inner: 4.30 | bwd_allreduce: 2.60 | step: 0.69
[2024-12-09 12:30:42,029] [INFO] [logging.py:128:log_dist] [Rank 0] time (ms) | fwd_microstep: 4.01 | bwd_microstep: 6.68 | bwd_inner_microstep: 4.16 | bwd_allreduce_microstep: 2.49 | step_microstep: 0.67
[2024-12-09 12:30:42,029] [INFO] [logging.py:128:log_dist] [Rank 0] time (ms) | fwd: 4.00 | bwd: 6.68 | bwd_inner: 4.16 | bwd_allreduce: 2.49 | step: 0.69
[2024-12-09 12:30:42,065] [INFO] [logging.py:128:log_dist] [Rank 0] time (ms) | fwd_microstep: 3.89 | bwd_microstep: 6.94 | bwd_inner_microstep: 4.22 | bwd_allreduce_microstep: 2.66 | step_microstep: 0.70
[2024-12-09 12:30:42,065] [INFO] [logging.py:128:log_dist] [Rank 0] time (ms) | fwd: 3.87 | bwd: 6.93 | bwd_inner: 4.23 | bwd_allreduce: 2.65 | step: 0.71
[2024-12-09 12:30:42,101] [INFO] [logging.py:128:log_dist] [Rank 0] time (ms) | fwd_microstep: 4.00 | bwd_microstep: 6.83 | bwd_inner_microstep: 4.25 | bwd_allreduce_microstep: 2.54 | step_microstep: 0.67
[2024-12-09 12:30:42,101] [INFO] [logging.py:128:log_dist] [Rank 0] time (ms) | fwd: 3.98 | bwd: 6.82 | bwd_inner: 4.24 | bwd_allreduce: 2.54 | step: 0.69
[2024-12-09 12:30:42,140] [INFO] [logging.py:128:log_dist] [Rank 0] time (ms) | fwd_microstep: 4.12 | bwd_microstep: 7.23 | bwd_inner_microstep: 4.32 | bwd_allreduce_microstep: 2.87 | step_microstep: 0.68
[2024-12-09 12:30:42,140] [INFO] [logging.py:128:log_dist] [Rank 0] time (ms) | fwd: 4.11 | bwd: 7.22 | bwd_inner: 4.31 | bwd_allreduce: 2.87 | step: 0.69
[2024-12-09 12:30:42,152] [INFO] [logging.py:128:log_dist] [Rank 0] time (ms) | fwd_microstep: 3.99 | bwd_microstep: 6.75 | bwd_inner_microstep: 4.25 | bwd_allreduce_microstep: 2.45 | step_microstep: 0.67
[2024-12-09 12:30:42,153] [INFO] [logging.py:128:log_dist] [Rank 0] time (ms) | fwd: 3.98 | bwd: 6.72 | bwd_inner: 4.24 | bwd_allreduce: 2.45 | step: 0.69
Epoch 1/1: Train Loss = 2.3798, Train Accuracy = 27.62%, Test Accuracy = 38.95%, Epoch Time = 8.26s, Total Time = 8.26s
Metrics plot saved to training_metrics_with_time.png
Warning: The cache directory for DeepSpeed Triton autotune, /home/hsk8171/.triton/autotune, appears to be on an NFS system. While this is generally acceptable, if you experience slowdowns or hanging when DeepSpeed exits, it is recommended to set the TRITON_CACHE_DIR environment variable to a non-NFS path.
